<?xml version="1.0" encoding="UTF-8"?>
<testsuite xmlns:xsi="http://www.w3.org/2001/XMLSchema-instance" xsi:noNamespaceSchemaLocation="https://maven.apache.org/surefire/maven-surefire-plugin/xsd/surefire-test-report-3.0.xsd" version="3.0" name="com.microusuarios.gesusuarios.GesusuariosApplicationTests" time="4.491" tests="2" errors="0" skipped="0" failures="0">
  <properties>
[...]
</properties>
  <testcase name="applicationStarts" classname="com.microusuarios.gesusuarios.GesusuariosApplicationTests" time="2.406">
    <system-out><![CDATA[2024-12-13T17:57:20.217-03:00 DEBUG 7396 --- [gesusuarios] [           main] .b.t.c.SpringBootTestContextBootstrapper : Neither @ContextConfiguration nor @ContextHierarchy found for test class [GesusuariosApplicationTests]: using SpringBootContextLoader
2024-12-13T17:57:20.218-03:00 DEBUG 7396 --- [gesusuarios] [           main] o.s.t.c.support.AbstractContextLoader    : Could not detect default resource locations for test class [com.microusuarios.gesusuarios.GesusuariosApplicationTests]: no resource found for suffixes {-context.xml, Context.groovy}.
2024-12-13T17:57:20.218-03:00  INFO 7396 --- [gesusuarios] [           main] t.c.s.AnnotationConfigContextLoaderUtils : Could not detect default configuration classes for test class [com.microusuarios.gesusuarios.GesusuariosApplicationTests]: GesusuariosApplicationTests does not declare any static, non-private, non-final, nested classes annotated with @Configuration.
2024-12-13T17:57:20.218-03:00 DEBUG 7396 --- [gesusuarios] [           main] .b.t.c.SpringBootTestContextBootstrapper : Using ContextCustomizerFactory implementations for test class [GesusuariosApplicationTests]: [ImportsContextCustomizerFactory, ExcludeFilterContextCustomizerFactory, HttpGraphQlTesterContextCustomizerFactory, DuplicateJsonObjectContextCustomizerFactory, MockitoContextCustomizerFactory, TestRestTemplateContextCustomizerFactory, WebTestClientContextCustomizerFactory, DisableReactorResourceFactoryGlobalResourcesContextCustomizerFactory, OnFailureConditionReportContextCustomizerFactory, OverrideAutoConfigurationContextCustomizerFactory, ObservabilityContextCustomizerFactory, TypeExcludeFiltersContextCustomizerFactory, PropertyMappingContextCustomizerFactory, WebDriverContextCustomizerFactory, MockServerContainerContextCustomizerFactory, DynamicPropertiesContextCustomizerFactory]
2024-12-13T17:57:20.220-03:00 DEBUG 7396 --- [gesusuarios] [           main] .b.t.c.SpringBootTestContextBootstrapper : Using ContextCustomizers for test class [GesusuariosApplicationTests]: [ExcludeFilterContextCustomizer, DuplicateJsonObjectContextCustomizer, MockitoContextCustomizer, TestRestTemplateContextCustomizer, DisableReactorResourceFactoryGlobalResourcesContextCustomizerCustomizer, OnFailureConditionReportContextCustomizer, DisableObservabilityContextCustomizer, PropertyMappingContextCustomizer, WebDriverContextCustomizer]
2024-12-13T17:57:20.229-03:00 DEBUG 7396 --- [gesusuarios] [           main] ssPathScanningCandidateComponentProvider : Identified candidate component class: file [C:\sonar\gesusuarios\target\classes\com\microusuarios\gesusuarios\GesusuariosApplication.class]
2024-12-13T17:57:20.229-03:00  INFO 7396 --- [gesusuarios] [           main] .b.t.c.SpringBootTestContextBootstrapper : Found @SpringBootConfiguration com.microusuarios.gesusuarios.GesusuariosApplication for test class com.microusuarios.gesusuarios.GesusuariosApplicationTests
2024-12-13T17:57:20.231-03:00 DEBUG 7396 --- [gesusuarios] [           main] .s.t.c.u.TestContextSpringFactoriesUtils : Skipping candidate TestExecutionListener [org.springframework.test.context.observation.MicrometerObservationRegistryTestExecutionListener] due to a missing dependency. Specify custom TestExecutionListener classes or make the default TestExecutionListener classes and their required dependencies available. Offending class: io.micrometer.context.ThreadLocalAccessor. MicrometerObservationRegistryTestExecutionListener requires io.micrometer:micrometer-observation:1.10.8 or higher and io.micrometer:context-propagation:1.0.3 or higher.
2024-12-13T17:57:20.232-03:00 DEBUG 7396 --- [gesusuarios] [           main] .b.t.c.SpringBootTestContextBootstrapper : Using TestExecutionListeners for test class [GesusuariosApplicationTests]: [ServletTestExecutionListener, DirtiesContextBeforeModesTestExecutionListener, ApplicationEventsTestExecutionListener, MockitoTestExecutionListener, DependencyInjectionTestExecutionListener, DirtiesContextTestExecutionListener, TransactionalTestExecutionListener, SqlScriptsTestExecutionListener, EventPublishingTestExecutionListener, WithSecurityContextTestExecutionListener, ReactorContextTestExecutionListener, ResetMocksTestExecutionListener, RestDocsTestExecutionListener, MockRestServiceServerResetTestExecutionListener, MockMvcPrintOnlyOnFailureTestExecutionListener, WebDriverTestExecutionListener, MockWebServiceServerTestExecutionListener]
2024-12-13T17:57:20.232-03:00 DEBUG 7396 --- [gesusuarios] [           main] sContextBeforeModesTestExecutionListener : Before test class: class [GesusuariosApplicationTests], class annotated with @DirtiesContext [false] with mode [null]
2024-12-13T17:57:20.236-03:00  INFO 7396 --- [gesusuarios] [           main] o.s.b.d.r.RestartApplicationListener     : Restart disabled due to context in which it is running
2024-12-13T17:57:20.268-03:00 DEBUG 7396 --- [gesusuarios] [           main] .s.b.w.s.c.ApplicationServletEnvironment : Activating profiles []
2024-12-13T17:57:20.272-03:00 DEBUG 7396 --- [gesusuarios] [           main] o.s.c.e.PropertySourcesPropertyResolver  : Found key 'spring.application.name' in PropertySource 'configurationProperties' with value of type String

  .   ____          _            __ _ _
 /\\ / ___'_ __ _ _(_)_ __  __ _ \ \ \ \
( ( )\___ | '_ | '_| | '_ \/ _` | \ \ \ \
 \\/  ___)| |_)| | | | | || (_| |  ) ) ) )
  '  |____| .__|_| |_|_| |_\__, | / / / /
 =========|_|==============|___/=/_/_/_/

 :: Spring Boot ::                (v3.3.5)

2024-12-13T17:57:20.279-03:00  INFO 7396 --- [gesusuarios] [           main] c.m.g.GesusuariosApplicationTests        : Starting GesusuariosApplicationTests using Java 17.0.13 with PID 7396 (started by Dario in C:\sonar\gesusuarios)
2024-12-13T17:57:20.279-03:00  INFO 7396 --- [gesusuarios] [           main] c.m.g.GesusuariosApplicationTests        : No active profile set, falling back to 1 default profile: "default"
2024-12-13T17:57:20.279-03:00 DEBUG 7396 --- [gesusuarios] [           main] o.s.boot.SpringApplication               : Loading source class com.microusuarios.gesusuarios.GesusuariosApplication
2024-12-13T17:57:20.283-03:00 DEBUG 7396 --- [gesusuarios] [           main] o.s.w.c.s.GenericWebApplicationContext   : Refreshing org.springframework.web.context.support.GenericWebApplicationContext@28a155e1
2024-12-13T17:57:20.284-03:00 DEBUG 7396 --- [gesusuarios] [           main] o.s.b.f.s.DefaultListableBeanFactory     : Creating shared instance of singleton bean 'org.springframework.context.annotation.internalConfigurationAnnotationProcessor'
2024-12-13T17:57:20.284-03:00 DEBUG 7396 --- [gesusuarios] [           main] o.s.b.f.s.DefaultListableBeanFactory     : Creating shared instance of singleton bean 'org.springframework.boot.autoconfigure.internalCachingMetadataReaderFactory'
2024-12-13T17:57:20.303-03:00 DEBUG 7396 --- [gesusuarios] [           main] o.s.c.a.ClassPathBeanDefinitionScanner   : Identified candidate component class: file [C:\sonar\gesusuarios\target\classes\com\microusuarios\gesusuarios\controller\UsuarioController.class]
2024-12-13T17:57:20.304-03:00 DEBUG 7396 --- [gesusuarios] [           main] o.s.c.a.ClassPathBeanDefinitionScanner   : Identified candidate component class: file [C:\sonar\gesusuarios\target\classes\com\microusuarios\gesusuarios\exception\GlobalExceptionHandler.class]
2024-12-13T17:57:20.307-03:00 DEBUG 7396 --- [gesusuarios] [           main] o.s.c.a.ClassPathBeanDefinitionScanner   : Identified candidate component class: file [C:\sonar\gesusuarios\target\classes\com\microusuarios\gesusuarios\security\CustomAuthenticationEntryPoint.class]
2024-12-13T17:57:20.309-03:00 DEBUG 7396 --- [gesusuarios] [           main] o.s.c.a.ClassPathBeanDefinitionScanner   : Identified candidate component class: file [C:\sonar\gesusuarios\target\classes\com\microusuarios\gesusuarios\security\SecurityConfig.class]
2024-12-13T17:57:20.310-03:00 DEBUG 7396 --- [gesusuarios] [           main] o.s.c.a.ClassPathBeanDefinitionScanner   : Identified candidate component class: file [C:\sonar\gesusuarios\target\classes\com\microusuarios\gesusuarios\service\UsuarioService.class]
2024-12-13T17:57:20.648-03:00  INFO 7396 --- [gesusuarios] [           main] .s.d.r.c.RepositoryConfigurationDelegate : Bootstrapping Spring Data JPA repositories in DEFAULT mode.
2024-12-13T17:57:20.648-03:00 DEBUG 7396 --- [gesusuarios] [           main] o.s.b.f.s.DefaultListableBeanFactory     : Creating shared instance of singleton bean 'org.springframework.boot.autoconfigure.AutoConfigurationPackages'
2024-12-13T17:57:20.648-03:00 DEBUG 7396 --- [gesusuarios] [           main] o.s.b.a.AutoConfigurationPackages        : @EnableAutoConfiguration was declared on a class in the package 'com.microusuarios.gesusuarios'. Automatic @Repository and @Entity scanning is enabled.
2024-12-13T17:57:20.648-03:00 DEBUG 7396 --- [gesusuarios] [           main] .s.d.r.c.RepositoryConfigurationDelegate : Scanning for JPA repositories in packages com.microusuarios.gesusuarios.
2024-12-13T17:57:20.653-03:00 DEBUG 7396 --- [gesusuarios] [           main] o.s.d.r.c.RepositoryComponentProvider    : Identified candidate component class: file [C:\sonar\gesusuarios\target\classes\com\microusuarios\gesusuarios\repository\UsuarioRepository.class]
2024-12-13T17:57:20.659-03:00  INFO 7396 --- [gesusuarios] [           main] .s.d.r.c.RepositoryConfigurationDelegate : Finished Spring Data repository scanning in 10 ms. Found 1 JPA repository interface.
2024-12-13T17:57:20.699-03:00 DEBUG 7396 --- [gesusuarios] [           main] o.s.b.f.s.DefaultListableBeanFactory     : Creating shared instance of singleton bean 'springSecurityHandlerMappingIntrospectorBeanDefinitionRegistryPostProcessor'
2024-12-13T17:57:20.702-03:00 DEBUG 7396 --- [gesusuarios] [           main] o.s.b.f.s.DefaultListableBeanFactory     : Creating shared instance of singleton bean 'propertySourcesPlaceholderConfigurer'
2024-12-13T17:57:20.704-03:00 DEBUG 7396 --- [gesusuarios] [           main] o.s.b.f.s.DefaultListableBeanFactory     : Creating shared instance of singleton bean 'org.springframework.boot.test.mock.mockito.MockitoPostProcessor'
2024-12-13T17:57:20.704-03:00 DEBUG 7396 --- [gesusuarios] [           main] o.s.b.f.s.DefaultListableBeanFactory     : Creating shared instance of singleton bean 'emBeanDefinitionRegistrarPostProcessor'
2024-12-13T17:57:20.704-03:00 DEBUG 7396 --- [gesusuarios] [           main] o.s.b.f.s.DefaultListableBeanFactory     : Creating shared instance of singleton bean 'org.springframework.boot.sql.init.dependency.DatabaseInitializationDependencyConfigurer$DependsOnDatabaseInitializationPostProcessor'
2024-12-13T17:57:20.718-03:00 DEBUG 7396 --- [gesusuarios] [           main] o.s.b.f.s.DefaultListableBeanFactory     : Creating shared instance of singleton bean 'org.springframework.context.event.internalEventListenerProcessor'
2024-12-13T17:57:20.718-03:00 DEBUG 7396 --- [gesusuarios] [           main] o.s.b.f.s.DefaultListableBeanFactory     : Creating shared instance of singleton bean 'preserveErrorControllerTargetClassPostProcessor'
2024-12-13T17:57:20.718-03:00 DEBUG 7396 --- [gesusuarios] [           main] o.s.b.f.s.DefaultListableBeanFactory     : Creating shared instance of singleton bean 'conversionServicePostProcessor'
2024-12-13T17:57:20.719-03:00 DEBUG 7396 --- [gesusuarios] [           main] o.s.b.f.s.DefaultListableBeanFactory     : Creating shared instance of singleton bean 'org.springframework.context.event.internalEventListenerFactory'
2024-12-13T17:57:20.719-03:00 DEBUG 7396 --- [gesusuarios] [           main] o.s.b.f.s.DefaultListableBeanFactory     : Creating shared instance of singleton bean 'org.springframework.transaction.config.internalTransactionalEventListenerFactory'
2024-12-13T17:57:20.721-03:00 DEBUG 7396 --- [gesusuarios] [           main] o.s.b.f.s.DefaultListableBeanFactory     : Creating shared instance of singleton bean 'org.springframework.boot.test.mock.mockito.MockitoPostProcessor$SpyPostProcessor'
2024-12-13T17:57:20.721-03:00 DEBUG 7396 --- [gesusuarios] [           main] o.s.b.f.s.DefaultListableBeanFactory     : Creating shared instance of singleton bean 'org.springframework.context.annotation.internalAutowiredAnnotationProcessor'
2024-12-13T17:57:20.721-03:00 DEBUG 7396 --- [gesusuarios] [           main] o.s.b.f.s.DefaultListableBeanFactory     : Creating shared instance of singleton bean 'org.springframework.context.annotation.internalCommonAnnotationProcessor'
2024-12-13T17:57:20.722-03:00 DEBUG 7396 --- [gesusuarios] [           main] o.s.b.f.s.DefaultListableBeanFactory     : Creating shared instance of singleton bean 'org.springframework.context.annotation.internalPersistenceAnnotationProcessor'
2024-12-13T17:57:20.722-03:00 DEBUG 7396 --- [gesusuarios] [           main] o.s.b.f.s.DefaultListableBeanFactory     : Creating shared instance of singleton bean 'org.springframework.boot.context.properties.ConfigurationPropertiesBindingPostProcessor'
2024-12-13T17:57:20.722-03:00 DEBUG 7396 --- [gesusuarios] [           main] o.s.b.f.s.DefaultListableBeanFactory     : Creating shared instance of singleton bean 'org.springframework.boot.context.internalConfigurationPropertiesBinder'
2024-12-13T17:57:20.723-03:00 DEBUG 7396 --- [gesusuarios] [           main] o.s.b.f.s.DefaultListableBeanFactory     : Creating shared instance of singleton bean 'jdbcConnectionDetailsHikariBeanPostProcessor'
2024-12-13T17:57:20.723-03:00 DEBUG 7396 --- [gesusuarios] [           main] o.s.b.f.s.DefaultListableBeanFactory     : Creating shared instance of singleton bean 'methodValidationPostProcessor'
2024-12-13T17:57:20.725-03:00 DEBUG 7396 --- [gesusuarios] [           main] o.s.b.f.s.DefaultListableBeanFactory     : Autowiring by type from bean name 'methodValidationPostProcessor' via factory method to bean named 'environment'
2024-12-13T17:57:20.726-03:00 DEBUG 7396 --- [gesusuarios] [           main] o.s.b.f.s.DefaultListableBeanFactory     : Creating shared instance of singleton bean 'org.springframework.boot.context.properties.EnableConfigurationPropertiesRegistrar.methodValidationExcludeFilter'
2024-12-13T17:57:20.727-03:00 DEBUG 7396 --- [gesusuarios] [           main] o.s.b.f.s.DefaultListableBeanFactory     : Creating shared instance of singleton bean 'org.springframework.aop.config.internalAutoProxyCreator'
2024-12-13T17:57:20.728-03:00 DEBUG 7396 --- [gesusuarios] [           main] o.s.b.f.s.DefaultListableBeanFactory     : Creating shared instance of singleton bean 'persistenceExceptionTranslationPostProcessor'
2024-12-13T17:57:20.729-03:00 DEBUG 7396 --- [gesusuarios] [           main] o.s.b.f.s.DefaultListableBeanFactory     : Autowiring by type from bean name 'persistenceExceptionTranslationPostProcessor' via factory method to bean named 'environment'
2024-12-13T17:57:20.729-03:00 DEBUG 7396 --- [gesusuarios] [           main] o.s.b.f.s.DefaultListableBeanFactory     : Creating shared instance of singleton bean 'webServerFactoryCustomizerBeanPostProcessor'
2024-12-13T17:57:20.730-03:00 DEBUG 7396 --- [gesusuarios] [           main] o.s.b.f.s.DefaultListableBeanFactory     : Creating shared instance of singleton bean 'errorPageRegistrarBeanPostProcessor'
2024-12-13T17:57:20.730-03:00 DEBUG 7396 --- [gesusuarios] [           main] o.s.b.f.s.DefaultListableBeanFactory     : Creating shared instance of singleton bean 'healthEndpointGroupsBeanPostProcessor'
2024-12-13T17:57:20.731-03:00 DEBUG 7396 --- [gesusuarios] [           main] o.s.b.f.s.DefaultListableBeanFactory     : Creating shared instance of singleton bean 'org.springframework.transaction.config.internalTransactionAdvisor'
2024-12-13T17:57:20.731-03:00 DEBUG 7396 --- [gesusuarios] [           main] o.s.b.f.s.DefaultListableBeanFactory     : Creating shared instance of singleton bean 'org.springframework.transaction.annotation.ProxyTransactionManagementConfiguration'
2024-12-13T17:57:20.733-03:00 DEBUG 7396 --- [gesusuarios] [           main] .s.a.a.a.ReflectiveAspectJAdvisorFactory : Found AspectJ method: public java.lang.Object io.micrometer.observation.aop.ObservedAspect.observeClass(org.aspectj.lang.ProceedingJoinPoint) throws java.lang.Throwable
2024-12-13T17:57:20.734-03:00 DEBUG 7396 --- [gesusuarios] [           main] .s.a.a.a.ReflectiveAspectJAdvisorFactory : Found AspectJ method: public java.lang.Object io.micrometer.observation.aop.ObservedAspect.observeMethod(org.aspectj.lang.ProceedingJoinPoint) throws java.lang.Throwable
2024-12-13T17:57:20.741-03:00 DEBUG 7396 --- [gesusuarios] [           main] o.s.b.f.s.DefaultListableBeanFactory     : Creating shared instance of singleton bean 'transactionAttributeSource'
2024-12-13T17:57:20.744-03:00 DEBUG 7396 --- [gesusuarios] [           main] o.s.b.f.s.DefaultListableBeanFactory     : Creating shared instance of singleton bean 'transactionInterceptor'
2024-12-13T17:57:20.745-03:00 DEBUG 7396 --- [gesusuarios] [           main] o.s.b.f.s.DefaultListableBeanFactory     : Autowiring by type from bean name 'transactionInterceptor' via factory method to bean named 'transactionAttributeSource'
2024-12-13T17:57:20.746-03:00 DEBUG 7396 --- [gesusuarios] [           main] o.s.b.f.s.DefaultListableBeanFactory     : Autowiring by type from bean name 'org.springframework.transaction.config.internalTransactionAdvisor' via factory method to bean named 'transactionAttributeSource'
2024-12-13T17:57:20.746-03:00 DEBUG 7396 --- [gesusuarios] [           main] o.s.b.f.s.DefaultListableBeanFactory     : Autowiring by type from bean name 'org.springframework.transaction.config.internalTransactionAdvisor' via factory method to bean named 'transactionInterceptor'
2024-12-13T17:57:20.747-03:00 DEBUG 7396 --- [gesusuarios] [           main] o.s.b.f.s.DefaultListableBeanFactory     : Creating shared instance of singleton bean 'meterRegistryPostProcessor'
2024-12-13T17:57:20.748-03:00 DEBUG 7396 --- [gesusuarios] [           main] o.s.b.f.s.DefaultListableBeanFactory     : Autowiring by type from bean name 'meterRegistryPostProcessor' via factory method to bean named 'org.springframework.web.context.support.GenericWebApplicationContext@28a155e1'
2024-12-13T17:57:20.750-03:00 DEBUG 7396 --- [gesusuarios] [           main] o.s.b.f.s.DefaultListableBeanFactory     : Creating shared instance of singleton bean 'metricsRepositoryMethodInvocationListenerBeanPostProcessor'
2024-12-13T17:57:20.751-03:00 DEBUG 7396 --- [gesusuarios] [           main] o.s.b.f.s.DefaultListableBeanFactory     : Creating shared instance of singleton bean 'observationRegistryPostProcessor'
2024-12-13T17:57:20.752-03:00 DEBUG 7396 --- [gesusuarios] [           main] o.s.b.f.s.DefaultListableBeanFactory     : Creating shared instance of singleton bean 'projectingArgumentResolverBeanPostProcessor'
2024-12-13T17:57:20.754-03:00 DEBUG 7396 --- [gesusuarios] [           main] o.s.b.f.s.DefaultListableBeanFactory     : Creating shared instance of singleton bean 'hypermediaRepresentionModelProcessorConfigurator'
2024-12-13T17:57:20.755-03:00 DEBUG 7396 --- [gesusuarios] [           main] o.s.b.f.s.DefaultListableBeanFactory     : Creating shared instance of singleton bean 'hypermediaRestTemplateBeanPostProcessor'
2024-12-13T17:57:20.756-03:00 DEBUG 7396 --- [gesusuarios] [           main] o.s.u.c.s.UiApplicationContextUtils      : Unable to locate ThemeSource with name 'themeSource': using default [org.springframework.ui.context.support.ResourceBundleThemeSource@7aadb8b7]
2024-12-13T17:57:20.757-03:00 DEBUG 7396 --- [gesusuarios] [           main] o.s.b.f.s.DefaultListableBeanFactory     : Creating shared instance of singleton bean 'dataSourceScriptDatabaseInitializer'
2024-12-13T17:57:20.757-03:00 DEBUG 7396 --- [gesusuarios] [           main] o.s.b.f.s.DefaultListableBeanFactory     : Creating shared instance of singleton bean 'org.springframework.boot.autoconfigure.sql.init.DataSourceInitializationConfiguration'
2024-12-13T17:57:20.759-03:00 DEBUG 7396 --- [gesusuarios] [           main] o.s.b.f.s.DefaultListableBeanFactory     : Creating shared instance of singleton bean 'dataSource'
2024-12-13T17:57:20.759-03:00 DEBUG 7396 --- [gesusuarios] [           main] o.s.b.f.s.DefaultListableBeanFactory     : Creating shared instance of singleton bean 'org.springframework.boot.autoconfigure.jdbc.DataSourceConfiguration$Hikari'
2024-12-13T17:57:20.761-03:00 DEBUG 7396 --- [gesusuarios] [           main] o.s.b.f.s.DefaultListableBeanFactory     : Creating shared instance of singleton bean 'spring.datasource-org.springframework.boot.autoconfigure.jdbc.DataSourceProperties'
2024-12-13T17:57:20.761-03:00 DEBUG 7396 --- [gesusuarios] [           main] o.s.b.f.s.DefaultListableBeanFactory     : Creating shared instance of singleton bean 'org.springframework.boot.context.properties.BoundConfigurationProperties'
2024-12-13T17:57:20.769-03:00 DEBUG 7396 --- [gesusuarios] [           main] o.s.b.f.s.DefaultListableBeanFactory     : Creating shared instance of singleton bean 'jdbcConnectionDetails'
2024-12-13T17:57:20.769-03:00 DEBUG 7396 --- [gesusuarios] [           main] o.s.b.f.s.DefaultListableBeanFactory     : Creating shared instance of singleton bean 'org.springframework.boot.autoconfigure.jdbc.DataSourceAutoConfiguration$PooledDataSourceConfiguration'
2024-12-13T17:57:20.770-03:00 DEBUG 7396 --- [gesusuarios] [           main] o.s.b.f.s.DefaultListableBeanFactory     : Autowiring by type from bean name 'jdbcConnectionDetails' via factory method to bean named 'spring.datasource-org.springframework.boot.autoconfigure.jdbc.DataSourceProperties'
2024-12-13T17:57:20.771-03:00 DEBUG 7396 --- [gesusuarios] [           main] o.s.b.f.s.DefaultListableBeanFactory     : Autowiring by type from bean name 'dataSource' via factory method to bean named 'spring.datasource-org.springframework.boot.autoconfigure.jdbc.DataSourceProperties'
2024-12-13T17:57:20.771-03:00 DEBUG 7396 --- [gesusuarios] [           main] o.s.b.f.s.DefaultListableBeanFactory     : Autowiring by type from bean name 'dataSource' via factory method to bean named 'jdbcConnectionDetails'
2024-12-13T17:57:20.781-03:00 DEBUG 7396 --- [gesusuarios] [           main] o.s.b.f.s.DefaultListableBeanFactory     : Creating shared instance of singleton bean 'spring.sql.init-org.springframework.boot.autoconfigure.sql.init.SqlInitializationProperties'
2024-12-13T17:57:20.783-03:00 DEBUG 7396 --- [gesusuarios] [           main] o.s.b.f.s.DefaultListableBeanFactory     : Autowiring by type from bean name 'dataSourceScriptDatabaseInitializer' via factory method to bean named 'dataSource'
2024-12-13T17:57:20.783-03:00 DEBUG 7396 --- [gesusuarios] [           main] o.s.b.f.s.DefaultListableBeanFactory     : Autowiring by type from bean name 'dataSourceScriptDatabaseInitializer' via factory method to bean named 'spring.sql.init-org.springframework.boot.autoconfigure.sql.init.SqlInitializationProperties'
2024-12-13T17:57:20.785-03:00 DEBUG 7396 --- [gesusuarios] [           main] o.s.b.f.s.DefaultListableBeanFactory     : Creating shared instance of singleton bean 'entityManagerFactory'
2024-12-13T17:57:20.785-03:00 DEBUG 7396 --- [gesusuarios] [           main] o.s.b.f.s.DefaultListableBeanFactory     : Creating shared instance of singleton bean 'org.springframework.boot.autoconfigure.orm.jpa.HibernateJpaConfiguration'
2024-12-13T17:57:20.786-03:00 DEBUG 7396 --- [gesusuarios] [           main] o.s.b.f.s.DefaultListableBeanFactory     : Creating shared instance of singleton bean 'spring.jpa-org.springframework.boot.autoconfigure.orm.jpa.JpaProperties'
2024-12-13T17:57:20.791-03:00 DEBUG 7396 --- [gesusuarios] [           main] o.s.b.f.s.DefaultListableBeanFactory     : Creating shared instance of singleton bean 'spring.jpa.hibernate-org.springframework.boot.autoconfigure.orm.jpa.HibernateProperties'
2024-12-13T17:57:20.793-03:00 DEBUG 7396 --- [gesusuarios] [           main] o.s.b.f.s.DefaultListableBeanFactory     : Autowiring by type from bean name 'org.springframework.boot.autoconfigure.orm.jpa.HibernateJpaConfiguration' via constructor to bean named 'dataSource'
2024-12-13T17:57:20.793-03:00 DEBUG 7396 --- [gesusuarios] [           main] o.s.b.f.s.DefaultListableBeanFactory     : Autowiring by type from bean name 'org.springframework.boot.autoconfigure.orm.jpa.HibernateJpaConfiguration' via constructor to bean named 'spring.jpa-org.springframework.boot.autoconfigure.orm.jpa.JpaProperties'
2024-12-13T17:57:20.793-03:00 DEBUG 7396 --- [gesusuarios] [           main] o.s.b.f.s.DefaultListableBeanFactory     : Autowiring by type from bean name 'org.springframework.boot.autoconfigure.orm.jpa.HibernateJpaConfiguration' via constructor to bean named 'org.springframework.beans.factory.support.DefaultListableBeanFactory@560cb6a0'
2024-12-13T17:57:20.793-03:00 DEBUG 7396 --- [gesusuarios] [           main] o.s.b.f.s.DefaultListableBeanFactory     : Autowiring by type from bean name 'org.springframework.boot.autoconfigure.orm.jpa.HibernateJpaConfiguration' via constructor to bean named 'spring.jpa.hibernate-org.springframework.boot.autoconfigure.orm.jpa.HibernateProperties'
2024-12-13T17:57:20.794-03:00 DEBUG 7396 --- [gesusuarios] [           main] o.s.b.f.s.DefaultListableBeanFactory     : Creating shared instance of singleton bean 'oracleUcpPoolDataSourceMetadataProvider'
2024-12-13T17:57:20.794-03:00 DEBUG 7396 --- [gesusuarios] [           main] o.s.b.f.s.DefaultListableBeanFactory     : Creating shared instance of singleton bean 'org.springframework.boot.autoconfigure.jdbc.metadata.DataSourcePoolMetadataProvidersConfiguration$OracleUcpPoolDataSourceMetadataProviderConfiguration'
2024-12-13T17:57:20.798-03:00 DEBUG 7396 --- [gesusuarios] [           main] o.s.b.f.s.DefaultListableBeanFactory     : Creating shared instance of singleton bean 'hikariPoolDataSourceMetadataProvider'
2024-12-13T17:57:20.798-03:00 DEBUG 7396 --- [gesusuarios] [           main] o.s.b.f.s.DefaultListableBeanFactory     : Creating shared instance of singleton bean 'org.springframework.boot.autoconfigure.jdbc.metadata.DataSourcePoolMetadataProvidersConfiguration$HikariPoolDataSourceMetadataProviderConfiguration'
2024-12-13T17:57:20.803-03:00 DEBUG 7396 --- [gesusuarios] [           main] o.s.b.f.s.DefaultListableBeanFactory     : Creating shared instance of singleton bean 'entityManagerFactoryBuilder'
2024-12-13T17:57:20.804-03:00 DEBUG 7396 --- [gesusuarios] [           main] o.s.b.f.s.DefaultListableBeanFactory     : Creating shared instance of singleton bean 'jpaVendorAdapter'
2024-12-13T17:57:20.817-03:00 DEBUG 7396 --- [gesusuarios] [           main] o.s.b.f.s.DefaultListableBeanFactory     : Autowiring by type from bean name 'entityManagerFactoryBuilder' via factory method to bean named 'jpaVendorAdapter'
2024-12-13T17:57:20.820-03:00 DEBUG 7396 --- [gesusuarios] [           main] o.s.b.f.s.DefaultListableBeanFactory     : Creating shared instance of singleton bean 'persistenceManagedTypes'
2024-12-13T17:57:20.821-03:00 DEBUG 7396 --- [gesusuarios] [           main] o.s.b.f.s.DefaultListableBeanFactory     : Autowiring by type from bean name 'persistenceManagedTypes' via factory method to bean named 'org.springframework.beans.factory.support.DefaultListableBeanFactory@560cb6a0'
2024-12-13T17:57:20.821-03:00 DEBUG 7396 --- [gesusuarios] [           main] o.s.b.f.s.DefaultListableBeanFactory     : Autowiring by type from bean name 'persistenceManagedTypes' via factory method to bean named 'org.springframework.web.context.support.GenericWebApplicationContext@28a155e1'
2024-12-13T17:57:20.827-03:00 DEBUG 7396 --- [gesusuarios] [           main] o.s.b.f.s.DefaultListableBeanFactory     : Autowiring by type from bean name 'entityManagerFactory' via factory method to bean named 'entityManagerFactoryBuilder'
2024-12-13T17:57:20.827-03:00 DEBUG 7396 --- [gesusuarios] [           main] o.s.b.f.s.DefaultListableBeanFactory     : Autowiring by type from bean name 'entityManagerFactory' via factory method to bean named 'persistenceManagedTypes'
2024-12-13T17:57:20.828-03:00 DEBUG 7396 --- [gesusuarios] [           main] j.LocalContainerEntityManagerFactoryBean : Building JPA container EntityManagerFactory for persistence unit 'default'
2024-12-13T17:57:20.828-03:00 DEBUG 7396 --- [gesusuarios] [           main] o.hibernate.jpa.internal.util.LogHelper  : PersistenceUnitInfo [
	name: default
	persistence provider classname: null
	classloader: jdk.internal.loader.ClassLoaders$AppClassLoader@5e2de80c
	excludeUnlistedClasses: true
	JTA datasource: null
	Non JTA datasource: HikariDataSource (null)
	Transaction type: RESOURCE_LOCAL
	PU root URL: file:/C:/sonar/gesusuarios/target/test-classes/
	Shared Cache Mode: UNSPECIFIED
	Validation Mode: AUTO
	Jar files URLs []
	Managed classes names [
		com.microusuarios.gesusuarios.model.Usuario]
	Mapping files names []
	Properties []
2024-12-13T17:57:20.828-03:00 DEBUG 7396 --- [gesusuarios] [           main] o.h.i.internal.IntegratorServiceImpl     : Adding Integrator [org.hibernate.boot.beanvalidation.BeanValidationIntegrator].
2024-12-13T17:57:20.828-03:00 DEBUG 7396 --- [gesusuarios] [           main] o.h.i.internal.IntegratorServiceImpl     : Adding Integrator [org.hibernate.cache.internal.CollectionCacheInvalidator].
2024-12-13T17:57:20.833-03:00 DEBUG 7396 --- [gesusuarios] [           main] org.hibernate.orm.idgen.factory          : Registering IdentifierGenerator strategy [uuid2] -> [org.hibernate.id.UUIDGenerator]
2024-12-13T17:57:20.833-03:00 DEBUG 7396 --- [gesusuarios] [           main] org.hibernate.orm.idgen.factory          : Registering IdentifierGenerator strategy [guid] -> [org.hibernate.id.GUIDGenerator]
2024-12-13T17:57:20.833-03:00 DEBUG 7396 --- [gesusuarios] [           main] org.hibernate.orm.idgen.factory          : Registering IdentifierGenerator strategy [uuid] -> [org.hibernate.id.UUIDHexGenerator]
2024-12-13T17:57:20.833-03:00 DEBUG 7396 --- [gesusuarios] [           main] org.hibernate.orm.idgen.factory          : Registering IdentifierGenerator strategy [uuid.hex] -> [org.hibernate.id.UUIDHexGenerator]
2024-12-13T17:57:20.833-03:00 DEBUG 7396 --- [gesusuarios] [           main] org.hibernate.orm.idgen.factory          : Registering IdentifierGenerator strategy [assigned] -> [org.hibernate.id.Assigned]
2024-12-13T17:57:20.833-03:00 DEBUG 7396 --- [gesusuarios] [           main] org.hibernate.orm.idgen.factory          : Registering IdentifierGenerator strategy [identity] -> [org.hibernate.id.IdentityGenerator]
2024-12-13T17:57:20.833-03:00 DEBUG 7396 --- [gesusuarios] [           main] org.hibernate.orm.idgen.factory          : Registering IdentifierGenerator strategy [select] -> [org.hibernate.id.SelectGenerator]
2024-12-13T17:57:20.833-03:00 DEBUG 7396 --- [gesusuarios] [           main] org.hibernate.orm.idgen.factory          : Registering IdentifierGenerator strategy [sequence] -> [org.hibernate.id.enhanced.SequenceStyleGenerator]
2024-12-13T17:57:20.833-03:00 DEBUG 7396 --- [gesusuarios] [           main] org.hibernate.orm.idgen.factory          : Registering IdentifierGenerator strategy [increment] -> [org.hibernate.id.IncrementGenerator]
2024-12-13T17:57:20.833-03:00 DEBUG 7396 --- [gesusuarios] [           main] org.hibernate.orm.idgen.factory          : Registering IdentifierGenerator strategy [foreign] -> [org.hibernate.id.ForeignGenerator]
2024-12-13T17:57:20.833-03:00 DEBUG 7396 --- [gesusuarios] [           main] org.hibernate.orm.idgen.factory          : Registering IdentifierGenerator strategy [enhanced-sequence] -> [org.hibernate.id.enhanced.SequenceStyleGenerator]
2024-12-13T17:57:20.833-03:00 DEBUG 7396 --- [gesusuarios] [           main] org.hibernate.orm.idgen.factory          : Registering IdentifierGenerator strategy [enhanced-table] -> [org.hibernate.id.enhanced.TableGenerator]
2024-12-13T17:57:20.833-03:00 DEBUG 7396 --- [gesusuarios] [           main] o.h.c.internal.RegionFactoryInitiator    : Cannot default RegionFactory based on registered strategies as `[]` RegionFactory strategies were registered
2024-12-13T17:57:20.833-03:00  INFO 7396 --- [gesusuarios] [           main] o.h.c.internal.RegionFactoryInitiator    : HHH000026: Second-level cache disabled
2024-12-13T17:57:20.833-03:00 DEBUG 7396 --- [gesusuarios] [           main] org.hibernate.type.BasicTypeRegistry     : Adding type registration boolean -> org.hibernate.type.BasicTypeReference@3e5b32ca
2024-12-13T17:57:20.833-03:00 DEBUG 7396 --- [gesusuarios] [           main] org.hibernate.type.BasicTypeRegistry     : Adding type registration boolean -> org.hibernate.type.BasicTypeReference@3e5b32ca
2024-12-13T17:57:20.833-03:00 DEBUG 7396 --- [gesusuarios] [           main] org.hibernate.type.BasicTypeRegistry     : Adding type registration java.lang.Boolean -> org.hibernate.type.BasicTypeReference@3e5b32ca
2024-12-13T17:57:20.833-03:00 DEBUG 7396 --- [gesusuarios] [           main] org.hibernate.type.BasicTypeRegistry     : Adding type registration numeric_boolean -> org.hibernate.type.BasicTypeReference@6fe37577
2024-12-13T17:57:20.833-03:00 DEBUG 7396 --- [gesusuarios] [           main] org.hibernate.type.BasicTypeRegistry     : Adding type registration org.hibernate.type.NumericBooleanConverter -> org.hibernate.type.BasicTypeReference@6fe37577
2024-12-13T17:57:20.833-03:00 DEBUG 7396 --- [gesusuarios] [           main] org.hibernate.type.BasicTypeRegistry     : Adding type registration true_false -> org.hibernate.type.BasicTypeReference@12bd2630
2024-12-13T17:57:20.833-03:00 DEBUG 7396 --- [gesusuarios] [           main] org.hibernate.type.BasicTypeRegistry     : Adding type registration org.hibernate.type.TrueFalseConverter -> org.hibernate.type.BasicTypeReference@12bd2630
2024-12-13T17:57:20.833-03:00 DEBUG 7396 --- [gesusuarios] [           main] org.hibernate.type.BasicTypeRegistry     : Adding type registration yes_no -> org.hibernate.type.BasicTypeReference@1546a589
2024-12-13T17:57:20.833-03:00 DEBUG 7396 --- [gesusuarios] [           main] org.hibernate.type.BasicTypeRegistry     : Adding type registration org.hibernate.type.YesNoConverter -> org.hibernate.type.BasicTypeReference@1546a589
2024-12-13T17:57:20.833-03:00 DEBUG 7396 --- [gesusuarios] [           main] org.hibernate.type.BasicTypeRegistry     : Adding type registration byte -> org.hibernate.type.BasicTypeReference@726c1889
2024-12-13T17:57:20.834-03:00 DEBUG 7396 --- [gesusuarios] [           main] org.hibernate.type.BasicTypeRegistry     : Adding type registration byte -> org.hibernate.type.BasicTypeReference@726c1889
2024-12-13T17:57:20.834-03:00 DEBUG 7396 --- [gesusuarios] [           main] org.hibernate.type.BasicTypeRegistry     : Adding type registration java.lang.Byte -> org.hibernate.type.BasicTypeReference@726c1889
2024-12-13T17:57:20.834-03:00 DEBUG 7396 --- [gesusuarios] [           main] org.hibernate.type.BasicTypeRegistry     : Adding type registration binary -> org.hibernate.type.BasicTypeReference@6d0937e
2024-12-13T17:57:20.834-03:00 DEBUG 7396 --- [gesusuarios] [           main] org.hibernate.type.BasicTypeRegistry     : Adding type registration byte[] -> org.hibernate.type.BasicTypeReference@6d0937e
2024-12-13T17:57:20.834-03:00 DEBUG 7396 --- [gesusuarios] [           main] org.hibernate.type.BasicTypeRegistry     : Adding type registration [B -> org.hibernate.type.BasicTypeReference@6d0937e
2024-12-13T17:57:20.834-03:00 DEBUG 7396 --- [gesusuarios] [           main] org.hibernate.type.BasicTypeRegistry     : Adding type registration binary_wrapper -> org.hibernate.type.BasicTypeReference@7da7a932
2024-12-13T17:57:20.834-03:00 DEBUG 7396 --- [gesusuarios] [           main] org.hibernate.type.BasicTypeRegistry     : Adding type registration wrapper-binary -> org.hibernate.type.BasicTypeReference@7da7a932
2024-12-13T17:57:20.834-03:00 DEBUG 7396 --- [gesusuarios] [           main] org.hibernate.type.BasicTypeRegistry     : Adding type registration image -> org.hibernate.type.BasicTypeReference@5d6d21e2
2024-12-13T17:57:20.834-03:00 DEBUG 7396 --- [gesusuarios] [           main] org.hibernate.type.BasicTypeRegistry     : Adding type registration blob -> org.hibernate.type.BasicTypeReference@4fd7c296
2024-12-13T17:57:20.834-03:00 DEBUG 7396 --- [gesusuarios] [           main] org.hibernate.type.BasicTypeRegistry     : Adding type registration java.sql.Blob -> org.hibernate.type.BasicTypeReference@4fd7c296
2024-12-13T17:57:20.834-03:00 DEBUG 7396 --- [gesusuarios] [           main] org.hibernate.type.BasicTypeRegistry     : Adding type registration materialized_blob -> org.hibernate.type.BasicTypeReference@4d9ef371
2024-12-13T17:57:20.834-03:00 DEBUG 7396 --- [gesusuarios] [           main] org.hibernate.type.BasicTypeRegistry     : Adding type registration materialized_blob_wrapper -> org.hibernate.type.BasicTypeReference@d303dc9
2024-12-13T17:57:20.834-03:00 DEBUG 7396 --- [gesusuarios] [           main] org.hibernate.type.BasicTypeRegistry     : Adding type registration short -> org.hibernate.type.BasicTypeReference@39e67fbc
2024-12-13T17:57:20.834-03:00 DEBUG 7396 --- [gesusuarios] [           main] org.hibernate.type.BasicTypeRegistry     : Adding type registration short -> org.hibernate.type.BasicTypeReference@39e67fbc
2024-12-13T17:57:20.834-03:00 DEBUG 7396 --- [gesusuarios] [           main] org.hibernate.type.BasicTypeRegistry     : Adding type registration java.lang.Short -> org.hibernate.type.BasicTypeReference@39e67fbc
2024-12-13T17:57:20.834-03:00 DEBUG 7396 --- [gesusuarios] [           main] org.hibernate.type.BasicTypeRegistry     : Adding type registration integer -> org.hibernate.type.BasicTypeReference@4854c964
2024-12-13T17:57:20.834-03:00 DEBUG 7396 --- [gesusuarios] [           main] org.hibernate.type.BasicTypeRegistry     : Adding type registration int -> org.hibernate.type.BasicTypeReference@4854c964
2024-12-13T17:57:20.834-03:00 DEBUG 7396 --- [gesusuarios] [           main] org.hibernate.type.BasicTypeRegistry     : Adding type registration java.lang.Integer -> org.hibernate.type.BasicTypeReference@4854c964
2024-12-13T17:57:20.834-03:00 DEBUG 7396 --- [gesusuarios] [           main] org.hibernate.type.BasicTypeRegistry     : Adding type registration long -> org.hibernate.type.BasicTypeReference@726bbe64
2024-12-13T17:57:20.834-03:00 DEBUG 7396 --- [gesusuarios] [           main] org.hibernate.type.BasicTypeRegistry     : Adding type registration long -> org.hibernate.type.BasicTypeReference@726bbe64
2024-12-13T17:57:20.834-03:00 DEBUG 7396 --- [gesusuarios] [           main] org.hibernate.type.BasicTypeRegistry     : Adding type registration java.lang.Long -> org.hibernate.type.BasicTypeReference@726bbe64
2024-12-13T17:57:20.834-03:00 DEBUG 7396 --- [gesusuarios] [           main] org.hibernate.type.BasicTypeRegistry     : Adding type registration float -> org.hibernate.type.BasicTypeReference@7eb91b95
2024-12-13T17:57:20.834-03:00 DEBUG 7396 --- [gesusuarios] [           main] org.hibernate.type.BasicTypeRegistry     : Adding type registration float -> org.hibernate.type.BasicTypeReference@7eb91b95
2024-12-13T17:57:20.834-03:00 DEBUG 7396 --- [gesusuarios] [           main] org.hibernate.type.BasicTypeRegistry     : Adding type registration java.lang.Float -> org.hibernate.type.BasicTypeReference@7eb91b95
2024-12-13T17:57:20.834-03:00 DEBUG 7396 --- [gesusuarios] [           main] org.hibernate.type.BasicTypeRegistry     : Adding type registration double -> org.hibernate.type.BasicTypeReference@74a89061
2024-12-13T17:57:20.834-03:00 DEBUG 7396 --- [gesusuarios] [           main] org.hibernate.type.BasicTypeRegistry     : Adding type registration double -> org.hibernate.type.BasicTypeReference@74a89061
2024-12-13T17:57:20.834-03:00 DEBUG 7396 --- [gesusuarios] [           main] org.hibernate.type.BasicTypeRegistry     : Adding type registration java.lang.Double -> org.hibernate.type.BasicTypeReference@74a89061
2024-12-13T17:57:20.834-03:00 DEBUG 7396 --- [gesusuarios] [           main] org.hibernate.type.BasicTypeRegistry     : Adding type registration big_integer -> org.hibernate.type.BasicTypeReference@1a596879
2024-12-13T17:57:20.834-03:00 DEBUG 7396 --- [gesusuarios] [           main] org.hibernate.type.BasicTypeRegistry     : Adding type registration java.math.BigInteger -> org.hibernate.type.BasicTypeReference@1a596879
2024-12-13T17:57:20.834-03:00 DEBUG 7396 --- [gesusuarios] [           main] org.hibernate.type.BasicTypeRegistry     : Adding type registration big_decimal -> org.hibernate.type.BasicTypeReference@35ee7dc8
2024-12-13T17:57:20.834-03:00 DEBUG 7396 --- [gesusuarios] [           main] org.hibernate.type.BasicTypeRegistry     : Adding type registration java.math.BigDecimal -> org.hibernate.type.BasicTypeReference@35ee7dc8
2024-12-13T17:57:20.834-03:00 DEBUG 7396 --- [gesusuarios] [           main] org.hibernate.type.BasicTypeRegistry     : Adding type registration character -> org.hibernate.type.BasicTypeReference@33dbd53
2024-12-13T17:57:20.834-03:00 DEBUG 7396 --- [gesusuarios] [           main] org.hibernate.type.BasicTypeRegistry     : Adding type registration char -> org.hibernate.type.BasicTypeReference@33dbd53
2024-12-13T17:57:20.834-03:00 DEBUG 7396 --- [gesusuarios] [           main] org.hibernate.type.BasicTypeRegistry     : Adding type registration java.lang.Character -> org.hibernate.type.BasicTypeReference@33dbd53
2024-12-13T17:57:20.834-03:00 DEBUG 7396 --- [gesusuarios] [           main] org.hibernate.type.BasicTypeRegistry     : Adding type registration character_nchar -> org.hibernate.type.BasicTypeReference@33260ecd
2024-12-13T17:57:20.834-03:00 DEBUG 7396 --- [gesusuarios] [           main] org.hibernate.type.BasicTypeRegistry     : Adding type registration string -> org.hibernate.type.BasicTypeReference@626db270
2024-12-13T17:57:20.834-03:00 DEBUG 7396 --- [gesusuarios] [           main] org.hibernate.type.BasicTypeRegistry     : Adding type registration java.lang.String -> org.hibernate.type.BasicTypeReference@626db270
2024-12-13T17:57:20.834-03:00 DEBUG 7396 --- [gesusuarios] [           main] org.hibernate.type.BasicTypeRegistry     : Adding type registration nstring -> org.hibernate.type.BasicTypeReference@24ab83c8
2024-12-13T17:57:20.834-03:00 DEBUG 7396 --- [gesusuarios] [           main] org.hibernate.type.BasicTypeRegistry     : Adding type registration characters -> org.hibernate.type.BasicTypeReference@4a92652b
2024-12-13T17:57:20.834-03:00 DEBUG 7396 --- [gesusuarios] [           main] org.hibernate.type.BasicTypeRegistry     : Adding type registration char[] -> org.hibernate.type.BasicTypeReference@4a92652b
2024-12-13T17:57:20.834-03:00 DEBUG 7396 --- [gesusuarios] [           main] org.hibernate.type.BasicTypeRegistry     : Adding type registration [C -> org.hibernate.type.BasicTypeReference@4a92652b
2024-12-13T17:57:20.834-03:00 DEBUG 7396 --- [gesusuarios] [           main] org.hibernate.type.BasicTypeRegistry     : Adding type registration wrapper-characters -> org.hibernate.type.BasicTypeReference@49c15ad2
2024-12-13T17:57:20.834-03:00 DEBUG 7396 --- [gesusuarios] [           main] org.hibernate.type.BasicTypeRegistry     : Adding type registration text -> org.hibernate.type.BasicTypeReference@46309fa8
2024-12-13T17:57:20.834-03:00 DEBUG 7396 --- [gesusuarios] [           main] org.hibernate.type.BasicTypeRegistry     : Adding type registration ntext -> org.hibernate.type.BasicTypeReference@3e7de165
2024-12-13T17:57:20.834-03:00 DEBUG 7396 --- [gesusuarios] [           main] org.hibernate.type.BasicTypeRegistry     : Adding type registration clob -> org.hibernate.type.BasicTypeReference@671f70bc
2024-12-13T17:57:20.834-03:00 DEBUG 7396 --- [gesusuarios] [           main] org.hibernate.type.BasicTypeRegistry     : Adding type registration java.sql.Clob -> org.hibernate.type.BasicTypeReference@671f70bc
2024-12-13T17:57:20.834-03:00 DEBUG 7396 --- [gesusuarios] [           main] org.hibernate.type.BasicTypeRegistry     : Adding type registration nclob -> org.hibernate.type.BasicTypeReference@244ba147
2024-12-13T17:57:20.834-03:00 DEBUG 7396 --- [gesusuarios] [           main] org.hibernate.type.BasicTypeRegistry     : Adding type registration java.sql.NClob -> org.hibernate.type.BasicTypeReference@244ba147
2024-12-13T17:57:20.834-03:00 DEBUG 7396 --- [gesusuarios] [           main] org.hibernate.type.BasicTypeRegistry     : Adding type registration materialized_clob -> org.hibernate.type.BasicTypeReference@6644b7b9
2024-12-13T17:57:20.834-03:00 DEBUG 7396 --- [gesusuarios] [           main] org.hibernate.type.BasicTypeRegistry     : Adding type registration materialized_clob_char_array -> org.hibernate.type.BasicTypeReference@376314dd
2024-12-13T17:57:20.834-03:00 DEBUG 7396 --- [gesusuarios] [           main] org.hibernate.type.BasicTypeRegistry     : Adding type registration materialized_clob_character_array -> org.hibernate.type.BasicTypeReference@2b65081d
2024-12-13T17:57:20.834-03:00 DEBUG 7396 --- [gesusuarios] [           main] org.hibernate.type.BasicTypeRegistry     : Adding type registration materialized_nclob -> org.hibernate.type.BasicTypeReference@525dd5af
2024-12-13T17:57:20.834-03:00 DEBUG 7396 --- [gesusuarios] [           main] org.hibernate.type.BasicTypeRegistry     : Adding type registration materialized_nclob_character_array -> org.hibernate.type.BasicTypeReference@11675922
2024-12-13T17:57:20.834-03:00 DEBUG 7396 --- [gesusuarios] [           main] org.hibernate.type.BasicTypeRegistry     : Adding type registration materialized_nclob_char_array -> org.hibernate.type.BasicTypeReference@3e0d722f
2024-12-13T17:57:20.835-03:00 DEBUG 7396 --- [gesusuarios] [           main] org.hibernate.type.BasicTypeRegistry     : Adding type registration Duration -> org.hibernate.type.BasicTypeReference@3d2bb013
2024-12-13T17:57:20.835-03:00 DEBUG 7396 --- [gesusuarios] [           main] org.hibernate.type.BasicTypeRegistry     : Adding type registration java.time.Duration -> org.hibernate.type.BasicTypeReference@3d2bb013
2024-12-13T17:57:20.835-03:00 DEBUG 7396 --- [gesusuarios] [           main] org.hibernate.type.BasicTypeRegistry     : Adding type registration LocalDateTime -> org.hibernate.type.BasicTypeReference@167eab4
2024-12-13T17:57:20.835-03:00 DEBUG 7396 --- [gesusuarios] [           main] org.hibernate.type.BasicTypeRegistry     : Adding type registration java.time.LocalDateTime -> org.hibernate.type.BasicTypeReference@167eab4
2024-12-13T17:57:20.835-03:00 DEBUG 7396 --- [gesusuarios] [           main] org.hibernate.type.BasicTypeRegistry     : Adding type registration LocalDate -> org.hibernate.type.BasicTypeReference@2a621df3
2024-12-13T17:57:20.835-03:00 DEBUG 7396 --- [gesusuarios] [           main] org.hibernate.type.BasicTypeRegistry     : Adding type registration java.time.LocalDate -> org.hibernate.type.BasicTypeReference@2a621df3
2024-12-13T17:57:20.835-03:00 DEBUG 7396 --- [gesusuarios] [           main] org.hibernate.type.BasicTypeRegistry     : Adding type registration LocalTime -> org.hibernate.type.BasicTypeReference@7fab8e9a
2024-12-13T17:57:20.835-03:00 DEBUG 7396 --- [gesusuarios] [           main] org.hibernate.type.BasicTypeRegistry     : Adding type registration java.time.LocalTime -> org.hibernate.type.BasicTypeReference@7fab8e9a
2024-12-13T17:57:20.835-03:00 DEBUG 7396 --- [gesusuarios] [           main] org.hibernate.type.BasicTypeRegistry     : Adding type registration OffsetDateTime -> org.hibernate.type.BasicTypeReference@1f600254
2024-12-13T17:57:20.835-03:00 DEBUG 7396 --- [gesusuarios] [           main] org.hibernate.type.BasicTypeRegistry     : Adding type registration java.time.OffsetDateTime -> org.hibernate.type.BasicTypeReference@1f600254
2024-12-13T17:57:20.835-03:00 DEBUG 7396 --- [gesusuarios] [           main] org.hibernate.type.BasicTypeRegistry     : Adding type registration OffsetDateTimeWithTimezone -> org.hibernate.type.BasicTypeReference@21ec7946
2024-12-13T17:57:20.835-03:00 DEBUG 7396 --- [gesusuarios] [           main] org.hibernate.type.BasicTypeRegistry     : Adding type registration OffsetDateTimeWithoutTimezone -> org.hibernate.type.BasicTypeReference@1b5b650d
2024-12-13T17:57:20.835-03:00 DEBUG 7396 --- [gesusuarios] [           main] org.hibernate.type.BasicTypeRegistry     : Adding type registration OffsetTime -> org.hibernate.type.BasicTypeReference@38a7f7a2
2024-12-13T17:57:20.835-03:00 DEBUG 7396 --- [gesusuarios] [           main] org.hibernate.type.BasicTypeRegistry     : Adding type registration java.time.OffsetTime -> org.hibernate.type.BasicTypeReference@38a7f7a2
2024-12-13T17:57:20.835-03:00 DEBUG 7396 --- [gesusuarios] [           main] org.hibernate.type.BasicTypeRegistry     : Adding type registration OffsetTimeUtc -> org.hibernate.type.BasicTypeReference@27ca3040
2024-12-13T17:57:20.835-03:00 DEBUG 7396 --- [gesusuarios] [           main] org.hibernate.type.BasicTypeRegistry     : Adding type registration OffsetTimeWithTimezone -> org.hibernate.type.BasicTypeReference@652e4bb6
2024-12-13T17:57:20.835-03:00 DEBUG 7396 --- [gesusuarios] [           main] org.hibernate.type.BasicTypeRegistry     : Adding type registration OffsetTimeWithoutTimezone -> org.hibernate.type.BasicTypeReference@251d3913
2024-12-13T17:57:20.835-03:00 DEBUG 7396 --- [gesusuarios] [           main] org.hibernate.type.BasicTypeRegistry     : Adding type registration ZonedDateTime -> org.hibernate.type.BasicTypeReference@2280c0f5
2024-12-13T17:57:20.835-03:00 DEBUG 7396 --- [gesusuarios] [           main] org.hibernate.type.BasicTypeRegistry     : Adding type registration java.time.ZonedDateTime -> org.hibernate.type.BasicTypeReference@2280c0f5
2024-12-13T17:57:20.835-03:00 DEBUG 7396 --- [gesusuarios] [           main] org.hibernate.type.BasicTypeRegistry     : Adding type registration ZonedDateTimeWithTimezone -> org.hibernate.type.BasicTypeReference@543eacd5
2024-12-13T17:57:20.835-03:00 DEBUG 7396 --- [gesusuarios] [           main] org.hibernate.type.BasicTypeRegistry     : Adding type registration ZonedDateTimeWithoutTimezone -> org.hibernate.type.BasicTypeReference@435a2e1f
2024-12-13T17:57:20.835-03:00 DEBUG 7396 --- [gesusuarios] [           main] org.hibernate.type.BasicTypeRegistry     : Adding type registration date -> org.hibernate.type.BasicTypeReference@f4352c6
2024-12-13T17:57:20.835-03:00 DEBUG 7396 --- [gesusuarios] [           main] org.hibernate.type.BasicTypeRegistry     : Adding type registration java.sql.Date -> org.hibernate.type.BasicTypeReference@f4352c6
2024-12-13T17:57:20.835-03:00 DEBUG 7396 --- [gesusuarios] [           main] org.hibernate.type.BasicTypeRegistry     : Adding type registration time -> org.hibernate.type.BasicTypeReference@2b60acb3
2024-12-13T17:57:20.835-03:00 DEBUG 7396 --- [gesusuarios] [           main] org.hibernate.type.BasicTypeRegistry     : Adding type registration java.sql.Time -> org.hibernate.type.BasicTypeReference@2b60acb3
2024-12-13T17:57:20.835-03:00 DEBUG 7396 --- [gesusuarios] [           main] org.hibernate.type.BasicTypeRegistry     : Adding type registration timestamp -> org.hibernate.type.BasicTypeReference@a99f50e
2024-12-13T17:57:20.835-03:00 DEBUG 7396 --- [gesusuarios] [           main] org.hibernate.type.BasicTypeRegistry     : Adding type registration java.sql.Timestamp -> org.hibernate.type.BasicTypeReference@a99f50e
2024-12-13T17:57:20.835-03:00 DEBUG 7396 --- [gesusuarios] [           main] org.hibernate.type.BasicTypeRegistry     : Adding type registration java.util.Date -> org.hibernate.type.BasicTypeReference@a99f50e
2024-12-13T17:57:20.835-03:00 DEBUG 7396 --- [gesusuarios] [           main] org.hibernate.type.BasicTypeRegistry     : Adding type registration calendar -> org.hibernate.type.BasicTypeReference@18211894
2024-12-13T17:57:20.835-03:00 DEBUG 7396 --- [gesusuarios] [           main] org.hibernate.type.BasicTypeRegistry     : Adding type registration java.util.Calendar -> org.hibernate.type.BasicTypeReference@18211894
2024-12-13T17:57:20.835-03:00 DEBUG 7396 --- [gesusuarios] [           main] org.hibernate.type.BasicTypeRegistry     : Adding type registration java.util.GregorianCalendar -> org.hibernate.type.BasicTypeReference@18211894
2024-12-13T17:57:20.835-03:00 DEBUG 7396 --- [gesusuarios] [           main] org.hibernate.type.BasicTypeRegistry     : Adding type registration calendar_date -> org.hibernate.type.BasicTypeReference@d61ac34
2024-12-13T17:57:20.835-03:00 DEBUG 7396 --- [gesusuarios] [           main] org.hibernate.type.BasicTypeRegistry     : Adding type registration calendar_time -> org.hibernate.type.BasicTypeReference@234a8c1f
2024-12-13T17:57:20.835-03:00 DEBUG 7396 --- [gesusuarios] [           main] org.hibernate.type.BasicTypeRegistry     : Adding type registration instant -> org.hibernate.type.BasicTypeReference@663e2cfd
2024-12-13T17:57:20.835-03:00 DEBUG 7396 --- [gesusuarios] [           main] org.hibernate.type.BasicTypeRegistry     : Adding type registration java.time.Instant -> org.hibernate.type.BasicTypeReference@663e2cfd
2024-12-13T17:57:20.835-03:00 DEBUG 7396 --- [gesusuarios] [           main] org.hibernate.type.BasicTypeRegistry     : Adding type registration uuid -> org.hibernate.type.BasicTypeReference@76cb6d16
2024-12-13T17:57:20.835-03:00 DEBUG 7396 --- [gesusuarios] [           main] org.hibernate.type.BasicTypeRegistry     : Adding type registration java.util.UUID -> org.hibernate.type.BasicTypeReference@76cb6d16
2024-12-13T17:57:20.835-03:00 DEBUG 7396 --- [gesusuarios] [           main] org.hibernate.type.BasicTypeRegistry     : Adding type registration pg-uuid -> org.hibernate.type.BasicTypeReference@76cb6d16
2024-12-13T17:57:20.835-03:00 DEBUG 7396 --- [gesusuarios] [           main] org.hibernate.type.BasicTypeRegistry     : Adding type registration uuid-binary -> org.hibernate.type.BasicTypeReference@764b7ff7
2024-12-13T17:57:20.835-03:00 DEBUG 7396 --- [gesusuarios] [           main] org.hibernate.type.BasicTypeRegistry     : Adding type registration uuid-char -> org.hibernate.type.BasicTypeReference@1962f55
2024-12-13T17:57:20.835-03:00 DEBUG 7396 --- [gesusuarios] [           main] org.hibernate.type.BasicTypeRegistry     : Adding type registration class -> org.hibernate.type.BasicTypeReference@16d8a25e
2024-12-13T17:57:20.835-03:00 DEBUG 7396 --- [gesusuarios] [           main] org.hibernate.type.BasicTypeRegistry     : Adding type registration java.lang.Class -> org.hibernate.type.BasicTypeReference@16d8a25e
2024-12-13T17:57:20.835-03:00 DEBUG 7396 --- [gesusuarios] [           main] org.hibernate.type.BasicTypeRegistry     : Adding type registration currency -> org.hibernate.type.BasicTypeReference@3bd6ce4e
2024-12-13T17:57:20.835-03:00 DEBUG 7396 --- [gesusuarios] [           main] org.hibernate.type.BasicTypeRegistry     : Adding type registration Currency -> org.hibernate.type.BasicTypeReference@3bd6ce4e
2024-12-13T17:57:20.835-03:00 DEBUG 7396 --- [gesusuarios] [           main] org.hibernate.type.BasicTypeRegistry     : Adding type registration java.util.Currency -> org.hibernate.type.BasicTypeReference@3bd6ce4e
2024-12-13T17:57:20.835-03:00 DEBUG 7396 --- [gesusuarios] [           main] org.hibernate.type.BasicTypeRegistry     : Adding type registration locale -> org.hibernate.type.BasicTypeReference@164fba04
2024-12-13T17:57:20.835-03:00 DEBUG 7396 --- [gesusuarios] [           main] org.hibernate.type.BasicTypeRegistry     : Adding type registration java.util.Locale -> org.hibernate.type.BasicTypeReference@164fba04
2024-12-13T17:57:20.835-03:00 DEBUG 7396 --- [gesusuarios] [           main] org.hibernate.type.BasicTypeRegistry     : Adding type registration serializable -> org.hibernate.type.BasicTypeReference@2693d31f
2024-12-13T17:57:20.835-03:00 DEBUG 7396 --- [gesusuarios] [           main] org.hibernate.type.BasicTypeRegistry     : Adding type registration java.io.Serializable -> org.hibernate.type.BasicTypeReference@2693d31f
2024-12-13T17:57:20.835-03:00 DEBUG 7396 --- [gesusuarios] [           main] org.hibernate.type.BasicTypeRegistry     : Adding type registration timezone -> org.hibernate.type.BasicTypeReference@750a4fc1
2024-12-13T17:57:20.835-03:00 DEBUG 7396 --- [gesusuarios] [           main] org.hibernate.type.BasicTypeRegistry     : Adding type registration java.util.TimeZone -> org.hibernate.type.BasicTypeReference@750a4fc1
2024-12-13T17:57:20.835-03:00 DEBUG 7396 --- [gesusuarios] [           main] org.hibernate.type.BasicTypeRegistry     : Adding type registration ZoneOffset -> org.hibernate.type.BasicTypeReference@78235b90
2024-12-13T17:57:20.835-03:00 DEBUG 7396 --- [gesusuarios] [           main] org.hibernate.type.BasicTypeRegistry     : Adding type registration java.time.ZoneOffset -> org.hibernate.type.BasicTypeReference@78235b90
2024-12-13T17:57:20.835-03:00 DEBUG 7396 --- [gesusuarios] [           main] org.hibernate.type.BasicTypeRegistry     : Adding type registration url -> org.hibernate.type.BasicTypeReference@13d7410a
2024-12-13T17:57:20.835-03:00 DEBUG 7396 --- [gesusuarios] [           main] org.hibernate.type.BasicTypeRegistry     : Adding type registration java.net.URL -> org.hibernate.type.BasicTypeReference@13d7410a
2024-12-13T17:57:20.835-03:00 DEBUG 7396 --- [gesusuarios] [           main] org.hibernate.type.BasicTypeRegistry     : Adding type registration vector -> org.hibernate.type.BasicTypeReference@2b647344
2024-12-13T17:57:20.835-03:00 DEBUG 7396 --- [gesusuarios] [           main] org.hibernate.type.BasicTypeRegistry     : Adding type registration row_version -> org.hibernate.type.BasicTypeReference@c3745ae
2024-12-13T17:57:20.835-03:00 DEBUG 7396 --- [gesusuarios] [           main] org.hibernate.type.BasicTypeRegistry     : Adding type registration object -> org.hibernate.type.JavaObjectType@35bd146b
2024-12-13T17:57:20.836-03:00 DEBUG 7396 --- [gesusuarios] [           main] org.hibernate.type.BasicTypeRegistry     : Adding type registration java.lang.Object -> org.hibernate.type.JavaObjectType@35bd146b
2024-12-13T17:57:20.836-03:00 DEBUG 7396 --- [gesusuarios] [           main] org.hibernate.type.BasicTypeRegistry     : Adding type registration null -> org.hibernate.type.NullType@4f21ed2d
2024-12-13T17:57:20.836-03:00 DEBUG 7396 --- [gesusuarios] [           main] org.hibernate.type.BasicTypeRegistry     : Adding type registration imm_date -> org.hibernate.type.BasicTypeReference@13c3d514
2024-12-13T17:57:20.836-03:00 DEBUG 7396 --- [gesusuarios] [           main] org.hibernate.type.BasicTypeRegistry     : Adding type registration imm_time -> org.hibernate.type.BasicTypeReference@4a8b3029
2024-12-13T17:57:20.836-03:00 DEBUG 7396 --- [gesusuarios] [           main] org.hibernate.type.BasicTypeRegistry     : Adding type registration imm_timestamp -> org.hibernate.type.BasicTypeReference@7326db23
2024-12-13T17:57:20.836-03:00 DEBUG 7396 --- [gesusuarios] [           main] org.hibernate.type.BasicTypeRegistry     : Adding type registration imm_calendar -> org.hibernate.type.BasicTypeReference@20094520
2024-12-13T17:57:20.836-03:00 DEBUG 7396 --- [gesusuarios] [           main] org.hibernate.type.BasicTypeRegistry     : Adding type registration imm_calendar_date -> org.hibernate.type.BasicTypeReference@2d6f4f40
2024-12-13T17:57:20.836-03:00 DEBUG 7396 --- [gesusuarios] [           main] org.hibernate.type.BasicTypeRegistry     : Adding type registration imm_calendar_time -> org.hibernate.type.BasicTypeReference@3e7628bc
2024-12-13T17:57:20.836-03:00 DEBUG 7396 --- [gesusuarios] [           main] org.hibernate.type.BasicTypeRegistry     : Adding type registration imm_binary -> org.hibernate.type.BasicTypeReference@7bcc0392
2024-12-13T17:57:20.836-03:00 DEBUG 7396 --- [gesusuarios] [           main] org.hibernate.type.BasicTypeRegistry     : Adding type registration imm_serializable -> org.hibernate.type.BasicTypeReference@1106798e
2024-12-13T17:57:20.839-03:00 DEBUG 7396 --- [gesusuarios] [           main] o.h.boot.internal.BootstrapContextImpl   : Injecting JPA temp ClassLoader [org.springframework.instrument.classloading.SimpleThrowawayClassLoader@49f8c20d] into BootstrapContext; was [null]
2024-12-13T17:57:20.839-03:00 DEBUG 7396 --- [gesusuarios] [           main] o.h.boot.internal.ClassLoaderAccessImpl  : ClassLoaderAccessImpl#injectTempClassLoader(org.springframework.instrument.classloading.SimpleThrowawayClassLoader@49f8c20d) [was null]
2024-12-13T17:57:20.839-03:00 DEBUG 7396 --- [gesusuarios] [           main] o.h.boot.internal.BootstrapContextImpl   : Injecting ScanEnvironment [org.hibernate.jpa.boot.internal.StandardJpaScanEnvironmentImpl@52b39833] into BootstrapContext; was [null]
2024-12-13T17:57:20.839-03:00 DEBUG 7396 --- [gesusuarios] [           main] o.h.boot.internal.BootstrapContextImpl   : Injecting ScanOptions [org.hibernate.boot.archive.scan.internal.StandardScanOptions@705b51e2] into BootstrapContext; was [org.hibernate.boot.archive.scan.internal.StandardScanOptions@1775bf61]
2024-12-13T17:57:20.857-03:00  INFO 7396 --- [gesusuarios] [           main] o.s.o.j.p.SpringPersistenceUnitInfo      : No LoadTimeWeaver setup: ignoring JPA class transformer
2024-12-13T17:57:20.857-03:00 DEBUG 7396 --- [gesusuarios] [           main] o.h.boot.internal.BootstrapContextImpl   : Injecting JPA temp ClassLoader [null] into BootstrapContext; was [org.springframework.instrument.classloading.SimpleThrowawayClassLoader@49f8c20d]
2024-12-13T17:57:20.857-03:00 DEBUG 7396 --- [gesusuarios] [           main] o.h.boot.internal.ClassLoaderAccessImpl  : ClassLoaderAccessImpl#injectTempClassLoader(null) [was org.springframework.instrument.classloading.SimpleThrowawayClassLoader@49f8c20d]
2024-12-13T17:57:20.859-03:00  INFO 7396 --- [gesusuarios] [           main] com.zaxxer.hikari.HikariDataSource       : HikariPool-2 - Starting...
2024-12-13T17:57:20.859-03:00  WARN 7396 --- [gesusuarios] [           main] c.zaxxer.hikari.util.DriverDataSource    : Registered driver with driverClassName=oracle.jdbc.driver.OracleDriver was not found, trying direct instantiation.
2024-12-13T17:57:21.107-03:00  INFO 7396 --- [gesusuarios] [           main] com.zaxxer.hikari.pool.HikariPool        : HikariPool-2 - Added connection oracle.jdbc.driver.T4CConnection@7f720b8b
2024-12-13T17:57:21.107-03:00  INFO 7396 --- [gesusuarios] [           main] com.zaxxer.hikari.HikariDataSource       : HikariPool-2 - Start completed.
2024-12-13T17:57:21.107-03:00 DEBUG 7396 --- [gesusuarios] [           main] o.h.e.j.e.i.JdbcEnvironmentInitiator     : Database ->
	   name : Oracle
	version : Oracle Database 19c Enterprise Edition Release 19.0.0.0.0 - Production
Version 19.26.0.1.0
	  major : 19
	  minor : 0
2024-12-13T17:57:21.107-03:00 DEBUG 7396 --- [gesusuarios] [           main] o.h.e.j.e.i.JdbcEnvironmentInitiator     : Driver ->
	   name : Oracle JDBC driver
	version : 21.5.0.0.0
	  major : 21
	  minor : 5
2024-12-13T17:57:21.107-03:00 DEBUG 7396 --- [gesusuarios] [           main] o.h.e.j.e.i.JdbcEnvironmentInitiator     : JDBC version : 4.3
2024-12-13T17:57:21.114-03:00  WARN 7396 --- [gesusuarios] [           main] org.hibernate.orm.deprecation            : HHH90000025: OracleDialect does not need to be specified explicitly using 'hibernate.dialect' (remove the property setting and it will be selected by default)
2024-12-13T17:57:21.114-03:00 DEBUG 7396 --- [gesusuarios] [           main] org.hibernate.orm.dialect                : HHH035001: Using dialect: org.hibernate.dialect.OracleDialect, version: 19.0
2024-12-13T17:57:21.129-03:00 DEBUG 7396 --- [gesusuarios] [           main] o.h.t.d.jdbc.spi.JdbcTypeRegistry        : addDescriptor(NCharTypeDescriptor) replaced previous registration(CharTypeDescriptor)
2024-12-13T17:57:21.129-03:00 DEBUG 7396 --- [gesusuarios] [           main] o.h.t.d.jdbc.spi.JdbcTypeRegistry        : addDescriptor(NVarcharTypeDescriptor) replaced previous registration(VarcharTypeDescriptor)
2024-12-13T17:57:21.129-03:00 DEBUG 7396 --- [gesusuarios] [           main] o.h.t.d.jdbc.spi.JdbcTypeRegistry        : addDescriptor(LongNVarcharTypeDescriptor) replaced previous registration(LongVarcharTypeDescriptor)
2024-12-13T17:57:21.129-03:00 DEBUG 7396 --- [gesusuarios] [           main] o.h.t.d.jdbc.spi.JdbcTypeRegistry        : addDescriptor(NClobTypeDescriptor(DEFAULT)) replaced previous registration(ClobTypeDescriptor(DEFAULT))
2024-12-13T17:57:21.130-03:00 DEBUG 7396 --- [gesusuarios] [           main] o.h.t.d.jdbc.spi.JdbcTypeRegistry        : addDescriptor(2005, ClobTypeDescriptor(STREAM_BINDING)) replaced previous registration(ClobTypeDescriptor(DEFAULT))
2024-12-13T17:57:21.130-03:00 DEBUG 7396 --- [gesusuarios] [           main] o.h.t.d.jdbc.spi.JdbcTypeRegistry        : addDescriptor(BooleanTypeDescriptor) replaced previous registration(BooleanTypeDescriptor)
2024-12-13T17:57:21.130-03:00 DEBUG 7396 --- [gesusuarios] [           main] org.hibernate.type.BasicTypeRegistry     : Adding type registration null -> org.hibernate.type.NullType@3f919dfd
2024-12-13T17:57:21.130-03:00 DEBUG 7396 --- [gesusuarios] [           main] org.hibernate.type.BasicTypeRegistry     : Type registration key [null] overrode previous entry : `org.hibernate.type.NullType@4f21ed2d`
2024-12-13T17:57:21.130-03:00 DEBUG 7396 --- [gesusuarios] [           main] org.hibernate.type.BasicTypeRegistry     : Adding type registration JAVA_OBJECT -> org.hibernate.type.JavaObjectType@5a12f988
2024-12-13T17:57:21.130-03:00 DEBUG 7396 --- [gesusuarios] [           main] org.hibernate.type.BasicTypeRegistry     : Adding type registration java.lang.Object -> org.hibernate.type.JavaObjectType@5a12f988
2024-12-13T17:57:21.130-03:00 DEBUG 7396 --- [gesusuarios] [           main] org.hibernate.type.BasicTypeRegistry     : Type registration key [java.lang.Object] overrode previous entry : `org.hibernate.type.JavaObjectType@35bd146b`
2024-12-13T17:57:21.130-03:00 DEBUG 7396 --- [gesusuarios] [           main] org.hibernate.type.BasicTypeRegistry     : Adding type registration org.hibernate.type.DurationType -> basicType@22(java.time.Duration,3015)
2024-12-13T17:57:21.130-03:00 DEBUG 7396 --- [gesusuarios] [           main] org.hibernate.type.BasicTypeRegistry     : Adding type registration Duration -> basicType@22(java.time.Duration,3015)
2024-12-13T17:57:21.130-03:00 DEBUG 7396 --- [gesusuarios] [           main] org.hibernate.type.BasicTypeRegistry     : Adding type registration java.time.Duration -> basicType@22(java.time.Duration,3015)
2024-12-13T17:57:21.130-03:00 DEBUG 7396 --- [gesusuarios] [           main] o.h.type.spi.TypeConfiguration$Scope     : Scoping TypeConfiguration [org.hibernate.type.spi.TypeConfiguration@6c167a8e] to MetadataBuildingContext [org.hibernate.boot.internal.MetadataBuildingContextRootImpl@147c46]
2024-12-13T17:57:21.130-03:00 DEBUG 7396 --- [gesusuarios] [           main] o.h.boot.model.relational.Namespace      : Created database namespace [logicalName=Name{catalog=null, schema=null}, physicalName=Name{catalog=null, schema=null}]
2024-12-13T17:57:21.130-03:00 DEBUG 7396 --- [gesusuarios] [           main] o.h.boot.model.internal.EntityBinder     : Binding entity from annotated class: com.microusuarios.gesusuarios.model.Usuario
2024-12-13T17:57:21.130-03:00 DEBUG 7396 --- [gesusuarios] [           main] o.h.boot.model.internal.EntityBinder     : Import with entity name Usuario
2024-12-13T17:57:21.131-03:00 DEBUG 7396 --- [gesusuarios] [           main] o.h.boot.model.internal.EntityBinder     : Bind entity com.microusuarios.gesusuarios.model.Usuario on table usuarios
2024-12-13T17:57:21.131-03:00 DEBUG 7396 --- [gesusuarios] [           main] o.h.boot.model.internal.AnnotatedColumn  : Binding column: AnnotatedDiscriminatorColumn(column='DTYPE')
2024-12-13T17:57:21.131-03:00 DEBUG 7396 --- [gesusuarios] [           main] o.h.boot.model.internal.AnnotatedColumn  : Binding column: AnnotatedColumn(column='id')
2024-12-13T17:57:21.131-03:00 DEBUG 7396 --- [gesusuarios] [           main] o.h.boot.internal.ClassLoaderAccessImpl  : Not known whether passed class name [com.microusuarios.gesusuarios.model.Usuario] is safe
2024-12-13T17:57:21.131-03:00 DEBUG 7396 --- [gesusuarios] [           main] o.h.boot.internal.ClassLoaderAccessImpl  : No temp ClassLoader provided; using live ClassLoader for loading potentially unsafe class : com.microusuarios.gesusuarios.model.Usuario
2024-12-13T17:57:21.131-03:00 DEBUG 7396 --- [gesusuarios] [           main] o.h.boot.model.internal.PropertyBinder   : MetadataSourceProcessor property id with lazy=false
2024-12-13T17:57:21.131-03:00 DEBUG 7396 --- [gesusuarios] [           main] o.h.b.m.internal.AbstractPropertyHolder  : Attempting to locate auto-apply AttributeConverter for property [com.microusuarios.gesusuarios.model.Usuario:id]
2024-12-13T17:57:21.131-03:00 DEBUG 7396 --- [gesusuarios] [           main] o.h.b.model.internal.BasicValueBinder    : building BasicValue for id
2024-12-13T17:57:21.132-03:00 DEBUG 7396 --- [gesusuarios] [           main] org.hibernate.mapping.BasicValue         : Skipping column re-registration: usuarios.id
2024-12-13T17:57:21.132-03:00 DEBUG 7396 --- [gesusuarios] [           main] o.h.boot.model.internal.PropertyBinder   : Building property id
2024-12-13T17:57:21.132-03:00 DEBUG 7396 --- [gesusuarios] [           main] o.h.boot.model.internal.BinderHelper     : #makeIdGenerator(BasicValue([Column(id)]), id, identity, , ...)
2024-12-13T17:57:21.132-03:00 DEBUG 7396 --- [gesusuarios] [           main] o.h.boot.model.internal.AnnotatedColumn  : Binding column: AnnotatedColumn(column='address')
2024-12-13T17:57:21.132-03:00 DEBUG 7396 --- [gesusuarios] [           main] o.h.boot.model.internal.PropertyBinder   : MetadataSourceProcessor property address with lazy=false
2024-12-13T17:57:21.132-03:00 DEBUG 7396 --- [gesusuarios] [           main] o.h.b.m.internal.AbstractPropertyHolder  : Attempting to locate auto-apply AttributeConverter for property [com.microusuarios.gesusuarios.model.Usuario:address]
2024-12-13T17:57:21.132-03:00 DEBUG 7396 --- [gesusuarios] [           main] o.h.b.model.internal.BasicValueBinder    : building BasicValue for address
2024-12-13T17:57:21.132-03:00 DEBUG 7396 --- [gesusuarios] [           main] org.hibernate.mapping.BasicValue         : Skipping column re-registration: usuarios.address
2024-12-13T17:57:21.132-03:00 DEBUG 7396 --- [gesusuarios] [           main] o.h.boot.model.internal.PropertyBinder   : Building property address
2024-12-13T17:57:21.132-03:00 DEBUG 7396 --- [gesusuarios] [           main] o.h.boot.model.internal.AnnotatedColumn  : Binding column: AnnotatedColumn(column='birthdate')
2024-12-13T17:57:21.132-03:00 DEBUG 7396 --- [gesusuarios] [           main] o.h.boot.model.internal.PropertyBinder   : MetadataSourceProcessor property birthdate with lazy=false
2024-12-13T17:57:21.132-03:00 DEBUG 7396 --- [gesusuarios] [           main] o.h.b.m.internal.AbstractPropertyHolder  : Attempting to locate auto-apply AttributeConverter for property [com.microusuarios.gesusuarios.model.Usuario:birthdate]
2024-12-13T17:57:21.132-03:00 DEBUG 7396 --- [gesusuarios] [           main] o.h.b.model.internal.BasicValueBinder    : building BasicValue for birthdate
2024-12-13T17:57:21.132-03:00 DEBUG 7396 --- [gesusuarios] [           main] org.hibernate.mapping.BasicValue         : Skipping column re-registration: usuarios.birthdate
2024-12-13T17:57:21.132-03:00 DEBUG 7396 --- [gesusuarios] [           main] o.h.boot.model.internal.PropertyBinder   : Building property birthdate
2024-12-13T17:57:21.132-03:00 DEBUG 7396 --- [gesusuarios] [           main] o.h.boot.model.internal.AnnotatedColumn  : Binding column: AnnotatedColumn(column='email')
2024-12-13T17:57:21.132-03:00 DEBUG 7396 --- [gesusuarios] [           main] o.h.boot.model.internal.PropertyBinder   : MetadataSourceProcessor property email with lazy=false
2024-12-13T17:57:21.132-03:00 DEBUG 7396 --- [gesusuarios] [           main] o.h.b.m.internal.AbstractPropertyHolder  : Attempting to locate auto-apply AttributeConverter for property [com.microusuarios.gesusuarios.model.Usuario:email]
2024-12-13T17:57:21.132-03:00 DEBUG 7396 --- [gesusuarios] [           main] o.h.b.model.internal.BasicValueBinder    : building BasicValue for email
2024-12-13T17:57:21.133-03:00 DEBUG 7396 --- [gesusuarios] [           main] org.hibernate.mapping.BasicValue         : Skipping column re-registration: usuarios.email
2024-12-13T17:57:21.133-03:00 DEBUG 7396 --- [gesusuarios] [           main] o.h.boot.model.internal.PropertyBinder   : Building property email
2024-12-13T17:57:21.133-03:00 DEBUG 7396 --- [gesusuarios] [           main] o.h.boot.model.internal.AnnotatedColumn  : Binding column: AnnotatedColumn(column='password')
2024-12-13T17:57:21.133-03:00 DEBUG 7396 --- [gesusuarios] [           main] o.h.boot.model.internal.PropertyBinder   : MetadataSourceProcessor property password with lazy=false
2024-12-13T17:57:21.133-03:00 DEBUG 7396 --- [gesusuarios] [           main] o.h.b.m.internal.AbstractPropertyHolder  : Attempting to locate auto-apply AttributeConverter for property [com.microusuarios.gesusuarios.model.Usuario:password]
2024-12-13T17:57:21.133-03:00 DEBUG 7396 --- [gesusuarios] [           main] o.h.b.model.internal.BasicValueBinder    : building BasicValue for password
2024-12-13T17:57:21.133-03:00 DEBUG 7396 --- [gesusuarios] [           main] org.hibernate.mapping.BasicValue         : Skipping column re-registration: usuarios.password
2024-12-13T17:57:21.133-03:00 DEBUG 7396 --- [gesusuarios] [           main] o.h.boot.model.internal.PropertyBinder   : Building property password
2024-12-13T17:57:21.133-03:00 DEBUG 7396 --- [gesusuarios] [           main] o.h.boot.model.internal.AnnotatedColumn  : Binding column: AnnotatedColumn(column='username')
2024-12-13T17:57:21.133-03:00 DEBUG 7396 --- [gesusuarios] [           main] o.h.boot.model.internal.PropertyBinder   : MetadataSourceProcessor property username with lazy=false
2024-12-13T17:57:21.133-03:00 DEBUG 7396 --- [gesusuarios] [           main] o.h.b.m.internal.AbstractPropertyHolder  : Attempting to locate auto-apply AttributeConverter for property [com.microusuarios.gesusuarios.model.Usuario:username]
2024-12-13T17:57:21.133-03:00 DEBUG 7396 --- [gesusuarios] [           main] o.h.b.model.internal.BasicValueBinder    : building BasicValue for username
2024-12-13T17:57:21.133-03:00 DEBUG 7396 --- [gesusuarios] [           main] org.hibernate.mapping.BasicValue         : Skipping column re-registration: usuarios.username
2024-12-13T17:57:21.133-03:00 DEBUG 7396 --- [gesusuarios] [           main] o.h.boot.model.internal.PropertyBinder   : Building property username
2024-12-13T17:57:21.134-03:00 DEBUG 7396 --- [gesusuarios] [           main] o.h.b.r.c.i.ClassLoaderServiceImpl       : HHH000194: Package not found or no package-info.java: com.microusuarios.gesusuarios.model
2024-12-13T17:57:21.135-03:00 DEBUG 7396 --- [gesusuarios] [           main] o.h.b.model.internal.BasicValueBinder    : Starting `BasicValueBinder#fillSimpleValue` for id
2024-12-13T17:57:21.135-03:00 DEBUG 7396 --- [gesusuarios] [           main] o.h.b.model.internal.BasicValueBinder    : Starting `BasicValueBinder#fillSimpleValue` for address
2024-12-13T17:57:21.135-03:00 DEBUG 7396 --- [gesusuarios] [           main] o.h.b.model.internal.BasicValueBinder    : Starting `BasicValueBinder#fillSimpleValue` for birthdate
2024-12-13T17:57:21.135-03:00 DEBUG 7396 --- [gesusuarios] [           main] o.h.b.model.internal.BasicValueBinder    : Starting `BasicValueBinder#fillSimpleValue` for email
2024-12-13T17:57:21.135-03:00 DEBUG 7396 --- [gesusuarios] [           main] o.h.b.model.internal.BasicValueBinder    : Starting `BasicValueBinder#fillSimpleValue` for password
2024-12-13T17:57:21.135-03:00 DEBUG 7396 --- [gesusuarios] [           main] o.h.b.model.internal.BasicValueBinder    : Starting `BasicValueBinder#fillSimpleValue` for username
2024-12-13T17:57:21.135-03:00 DEBUG 7396 --- [gesusuarios] [           main] org.hibernate.mapping.PrimaryKey         : Forcing column [id] to be non-null as it is part of the primary key for table [usuarios]
2024-12-13T17:57:21.151-03:00 DEBUG 7396 --- [gesusuarios] [           main] o.hibernate.internal.SessionFactoryImpl  : Building session factory
2024-12-13T17:57:21.153-03:00 DEBUG 7396 --- [gesusuarios] [           main] .h.s.i.SessionFactoryServiceRegistryImpl : EventListenerRegistry access via ServiceRegistry is deprecated.  Use `sessionFactory.getEventEngine().getListenerRegistry()` instead
2024-12-13T17:57:21.153-03:00 DEBUG 7396 --- [gesusuarios] [           main] o.hibernate.internal.SessionFactoryImpl  : Instantiating SessionFactory with settings: {sonar.projectName='micro-gesusuarios', java.specification.version=17, sun.cpu.isalist=amd64, hibernate.resource.beans.container=org.springframework.orm.hibernate5.SpringBeanContainer@5efc8552, hibernate.connection.handling_mode=DELAYED_ACQUISITION_AND_HOLD, sun.jnu.encoding=Cp1252, sonar.host.url=http://localhost:9000, hibernate.dialect=org.hibernate.dialect.OracleDialect, hibernate.implicit_naming_strategy=org.springframework.boot.orm.jpa.hibernate.SpringImplicitNamingStrategy, java.class.path=C:\sonar\gesusuarios\target\test-classes;C:\sonar\gesusuarios\target\classes;C:\Users\Dario\.m2\repository\org\springframework\boot\spring-boot-starter-actuator\3.3.5\spring-boot-starter-actuator-3.3.5.jar;C:\Users\Dario\.m2\repository\org\springframework\boot\spring-boot-starter\3.3.5\spring-boot-starter-3.3.5.jar;C:\Users\Dario\.m2\repository\org\springframework\boot\spring-boot-starter-logging\3.3.5\spring-boot-starter-logging-3.3.5.jar;C:\Users\Dario\.m2\repository\ch\qos\logback\logback-classic\1.5.11\logback-classic-1.5.11.jar;C:\Users\Dario\.m2\repository\ch\qos\logback\logback-core\1.5.11\logback-core-1.5.11.jar;C:\Users\Dario\.m2\repository\org\apache\logging\log4j\log4j-to-slf4j\2.23.1\log4j-to-slf4j-2.23.1.jar;C:\Users\Dario\.m2\repository\org\apache\logging\log4j\log4j-api\2.23.1\log4j-api-2.23.1.jar;C:\Users\Dario\.m2\repository\org\slf4j\jul-to-slf4j\2.0.16\jul-to-slf4j-2.0.16.jar;C:\Users\Dario\.m2\repository\jakarta\annotation\jakarta.annotation-api\2.1.1\jakarta.annotation-api-2.1.1.jar;C:\Users\Dario\.m2\repository\org\yaml\snakeyaml\2.2\snakeyaml-2.2.jar;C:\Users\Dario\.m2\repository\org\springframework\boot\spring-boot-actuator-autoconfigure\3.3.5\spring-boot-actuator-autoconfigure-3.3.5.jar;C:\Users\Dario\.m2\repository\org\springframework\boot\spring-boot-actuator\3.3.5\spring-boot-actuator-3.3.5.jar;C:\Users\Dario\.m2\repository\com\fasterxml\jackson\core\jackson-databind\2.17.2\jackson-databind-2.17.2.jar;C:\Users\Dario\.m2\repository\com\fasterxml\jackson\core\jackson-annotations\2.17.2\jackson-annotations-2.17.2.jar;C:\Users\Dario\.m2\repository\com\fasterxml\jackson\core\jackson-core\2.17.2\jackson-core-2.17.2.jar;C:\Users\Dario\.m2\repository\com\fasterxml\jackson\datatype\jackson-datatype-jsr310\2.17.2\jackson-datatype-jsr310-2.17.2.jar;C:\Users\Dario\.m2\repository\io\micrometer\micrometer-observation\1.13.6\micrometer-observation-1.13.6.jar;C:\Users\Dario\.m2\repository\io\micrometer\micrometer-commons\1.13.6\micrometer-commons-1.13.6.jar;C:\Users\Dario\.m2\repository\io\micrometer\micrometer-jakarta9\1.13.6\micrometer-jakarta9-1.13.6.jar;C:\Users\Dario\.m2\repository\io\micrometer\micrometer-core\1.13.6\micrometer-core-1.13.6.jar;C:\Users\Dario\.m2\repository\org\hdrhistogram\HdrHistogram\2.2.2\HdrHistogram-2.2.2.jar;C:\Users\Dario\.m2\repository\org\latencyutils\LatencyUti
[...]

   SessionAutoConfiguration:
      Did not match:
         - @ConditionalOnClass did not find required class 'org.springframework.session.Session' (OnClassCondition)

   SessionsEndpointAutoConfiguration:
      Did not match:
         - @ConditionalOnClass did not find required class 'org.springframework.session.Session' (OnClassCondition)

   ShutdownEndpointAutoConfiguration:
      Did not match:
         - @ConditionalOnAvailableEndpoint no property management.endpoint.shutdown.enabled found so using endpoint default of false (OnAvailableEndpointCondition)

   SignalFxMetricsExportAutoConfiguration:
      Did not match:
         - @ConditionalOnClass did not find required class 'io.micrometer.signalfx.SignalFxMeterRegistry' (OnClassCondition)

   SpringApplicationAdminJmxAutoConfiguration:
      Did not match:
         - @ConditionalOnProperty (spring.application.admin.enabled=true) did not find property 'enabled' (OnPropertyCondition)

   SpringBootWebSecurityConfiguration.SecurityFilterChainConfiguration:
      Did not match:
         - AllNestedConditions 1 matched 1 did not; NestedCondition on DefaultWebSecurityCondition.Beans @ConditionalOnMissingBean (types: org.springframework.security.web.SecurityFilterChain; SearchStrategy: all) found beans of type 'org.springframework.security.web.SecurityFilterChain' securityFilterChain; NestedCondition on DefaultWebSecurityCondition.Classes @ConditionalOnClass found required classes 'org.springframework.security.web.SecurityFilterChain', 'org.springframework.security.config.annotation.web.builders.HttpSecurity' (DefaultWebSecurityCondition)

   StackdriverMetricsExportAutoConfiguration:
      Did not match:
         - @ConditionalOnClass did not find required class 'io.micrometer.stackdriver.StackdriverMeterRegistry' (OnClassCondition)

   StartupEndpointAutoConfiguration:
      Did not match:
         - ApplicationStartup configured applicationStartup is of type class org.springframework.core.metrics.DefaultApplicationStartup, expected BufferingApplicationStartup. (StartupEndpointAutoConfiguration.ApplicationStartupCondition)

   StatsdMetricsExportAutoConfiguration:
      Did not match:
         - @ConditionalOnClass did not find required class 'io.micrometer.statsd.StatsdMeterRegistry' (OnClassCondition)

   TaskExecutorConfigurations.SimpleAsyncTaskExecutorBuilderConfiguration#simpleAsyncTaskExecutorBuilderVirtualThreads:
      Did not match:
         - @ConditionalOnMissingBean (types: org.springframework.boot.task.SimpleAsyncTaskExecutorBuilder; SearchStrategy: all) found beans of type 'org.springframework.boot.task.SimpleAsyncTaskExecutorBuilder' simpleAsyncTaskExecutorBuilder (OnBeanCondition)

   TaskExecutorConfigurations.TaskExecutorConfiguration#applicationTaskExecutorVirtualThreads:
      Did not match:
         - @ConditionalOnThreading did not find VIRTUAL (OnThreadingCondition)

   TaskSchedulingAutoConfiguration#scheduledBeanLazyInitializationExcludeFilter:
      Did not match:
         - @ConditionalOnBean (names: org.springframework.context.annotation.internalScheduledAnnotationProcessor; SearchStrategy: all) did not find any beans named org.springframework.context.annotation.internalScheduledAnnotationProcessor (OnBeanCondition)

   TaskSchedulingConfigurations.SimpleAsyncTaskSchedulerBuilderConfiguration#simpleAsyncTaskSchedulerBuilderVirtualThreads:
      Did not match:
         - @ConditionalOnMissingBean (types: org.springframework.boot.task.SimpleAsyncTaskSchedulerBuilder; SearchStrategy: all) found beans of type 'org.springframework.boot.task.SimpleAsyncTaskSchedulerBuilder' simpleAsyncTaskSchedulerBuilder (OnBeanCondition)

   TaskSchedulingConfigurations.TaskSchedulerConfiguration:
      Did not match:
         - @ConditionalOnBean (names: org.springframework.context.annotation.internalScheduledAnnotationProcessor; SearchStrategy: all) did not find any beans named org.springframework.context.annotation.internalScheduledAnnotationProcessor (OnBeanCondition)

   ThreadDumpEndpointAutoConfiguration:
      Did not match:
         - @ConditionalOnAvailableEndpoint no 'management.endpoints' property marked it as exposed (OnAvailableEndpointCondition)

   ThymeleafAutoConfiguration:
      Did not match:
         - @ConditionalOnClass did not find required class 'org.thymeleaf.spring6.SpringTemplateEngine' (OnClassCondition)

   TransactionAutoConfiguration#transactionalOperator:
      Did not match:
         - @ConditionalOnSingleCandidate (types: org.springframework.transaction.ReactiveTransactionManager; SearchStrategy: all) did not find any beans (OnBeanCondition)

   TransactionAutoConfiguration.AspectJTransactionManagementConfiguration:
      Did not match:
         - @ConditionalOnBean (types: org.springframework.transaction.aspectj.AbstractTransactionAspect; SearchStrategy: all) did not find any beans of type org.springframework.transaction.aspectj.AbstractTransactionAspect (OnBeanCondition)

   TransactionAutoConfiguration.EnableTransactionManagementConfiguration.JdkDynamicAutoProxyConfiguration:
      Did not match:
         - @ConditionalOnProperty (spring.aop.proxy-target-class=false) did not find property 'proxy-target-class' (OnPropertyCondition)

   WavefrontAutoConfiguration:
      Did not match:
         - @ConditionalOnClass did not find required class 'com.wavefront.sdk.common.application.ApplicationTags' (OnClassCondition)

   WavefrontMetricsExportAutoConfiguration:
      Did not match:
         - @ConditionalOnClass did not find required class 'com.wavefront.sdk.common.WavefrontSender' (OnClassCondition)

   WavefrontTracingAutoConfiguration:
      Did not match:
         - @ConditionalOnClass did not find required class 'com.wavefront.sdk.common.WavefrontSender' (OnClassCondition)

   WebClientAutoConfiguration:
      Did not match:
         - @ConditionalOnClass did not find required class 'org.springframework.web.reactive.function.client.WebClient' (OnClassCondition)

   WebClientObservationConfiguration:
      Did not match:
         - @ConditionalOnClass did not find required class 'org.springframework.web.reactive.function.client.WebClient' (OnClassCondition)

   WebFluxAutoConfiguration:
      Did not match:
         - @ConditionalOnClass did not find required class 'org.springframework.web.reactive.config.WebFluxConfigurer' (OnClassCondition)

   WebFluxEndpointManagementContextConfiguration:
      Did not match:
         - @ConditionalOnClass did not find required class 'org.springframework.web.reactive.DispatcherHandler' (OnClassCondition)

   WebFluxObservationAutoConfiguration:
      Did not match:
         - @ConditionalOnWebApplication did not find reactive web application classes (OnWebApplicationCondition)

   WebMvcAutoConfiguration#hiddenHttpMethodFilter:
      Did not match:
         - @ConditionalOnProperty (spring.mvc.hiddenmethod.filter.enabled) did not find property 'enabled' (OnPropertyCondition)

   WebMvcAutoConfiguration.ProblemDetailsErrorHandlingConfiguration:
      Did not match:
         - @ConditionalOnProperty (spring.mvc.problemdetails.enabled=true) did not find property 'enabled' (OnPropertyCondition)

   WebMvcAutoConfiguration.ResourceChainCustomizerConfiguration:
      Did not match:
         - @ConditionalOnEnabledResourceChain did not find class org.webjars.WebJarAssetLocator (OnEnabledResourceChainCondition)

   WebMvcAutoConfiguration.WebMvcAutoConfigurationAdapter#beanNameViewResolver:
      Did not match:
         - @ConditionalOnMissingBean (types: org.springframework.web.servlet.view.BeanNameViewResolver; SearchStrategy: all) found beans of type 'org.springframework.web.servlet.view.BeanNameViewResolver' beanNameViewResolver (OnBeanCondition)

   WebMvcEndpointManagementContextConfiguration#managementHealthEndpointWebMvcHandlerMapping:
      Did not match:
         - Management Port actual port type (SAME) did not match required type (DIFFERENT) (OnManagementPortCondition)

   WebServiceTemplateAutoConfiguration:
      Did not match:
         - @ConditionalOnClass did not find required class 'org.springframework.oxm.Marshaller' (OnClassCondition)

   WebServicesAutoConfiguration:
      Did not match:
         - @ConditionalOnClass did not find required class 'org.springframework.ws.transport.http.MessageDispatcherServlet' (OnClassCondition)

   WebSessionIdResolverAutoConfiguration:
      Did not match:
         - @ConditionalOnClass did not find required class 'reactor.core.publisher.Mono' (OnClassCondition)

   WebSocketMessagingAutoConfiguration:
      Did not match:
         - @ConditionalOnClass did not find required class 'org.springframework.web.socket.config.annotation.WebSocketMessageBrokerConfigurer' (OnClassCondition)

   WebSocketReactiveAutoConfiguration:
      Did not match:
         - @ConditionalOnWebApplication did not find reactive web application classes (OnWebApplicationCondition)

   WebSocketServletAutoConfiguration.JettyWebSocketConfiguration:
      Did not match:
         - @ConditionalOnClass did not find required class 'org.eclipse.jetty.ee10.websocket.jakarta.server.config.JakartaWebSocketServletContainerInitializer' (OnClassCondition)

   WebSocketServletAutoConfiguration.UndertowWebSocketConfiguration:
      Did not match:
         - @ConditionalOnClass did not find required class 'io.undertow.websockets.jsr.Bootstrap' (OnClassCondition)

   XADataSourceAutoConfiguration:
      Did not match:
         - @ConditionalOnBean (types: org.springframework.boot.jdbc.XADataSourceWrapper; SearchStrategy: all) did not find any beans of type org.springframework.boot.jdbc.XADataSourceWrapper (OnBeanCondition)
      Matched:
         - @ConditionalOnClass found required classes 'javax.sql.DataSource', 'jakarta.transaction.TransactionManager', 'org.springframework.jdbc.datasource.embedded.EmbeddedDatabaseType' (OnClassCondition)

   ZipkinAutoConfiguration:
      Did not match:
         - @ConditionalOnClass did not find required class 'zipkin2.reporter.Encoding' (OnClassCondition)


Exclusions:
-----------

    None


Unconditional classes:
----------------------

    org.springframework.boot.autoconfigure.context.ConfigurationPropertiesAutoConfiguration

    org.springframework.boot.actuate.autoconfigure.availability.AvailabilityHealthContributorAutoConfiguration

    org.springframework.boot.autoconfigure.ssl.SslAutoConfiguration

    org.springframework.boot.actuate.autoconfigure.info.InfoContributorAutoConfiguration

    org.springframework.boot.autoconfigure.context.PropertyPlaceholderAutoConfiguration

    org.springframework.boot.autoconfigure.context.LifecycleAutoConfiguration

    org.springframework.boot.actuate.autoconfigure.metrics.integration.IntegrationMetricsAutoConfiguration

    org.springframework.boot.actuate.autoconfigure.endpoint.EndpointAutoConfiguration

    org.springframework.boot.actuate.autoconfigure.web.server.ManagementContextAutoConfiguration

    org.springframework.boot.actuate.autoconfigure.health.HealthContributorAutoConfiguration

    org.springframework.boot.actuate.autoconfigure.endpoint.jackson.JacksonEndpointAutoConfiguration

    org.springframework.boot.autoconfigure.availability.ApplicationAvailabilityAutoConfiguration

    org.springframework.boot.autoconfigure.info.ProjectInfoAutoConfiguration



2024-12-13T17:57:24.561-03:00  INFO 7396 --- [gesusuarios] [           main] c.m.gesusuarios.GesusuariosApplication   : Started GesusuariosApplication in 2.262 seconds (process running for 22.61)
2024-12-13T17:57:24.571-03:00 DEBUG 7396 --- [gesusuarios] [           main] o.s.b.a.ApplicationAvailabilityBean      : Application availability state LivenessState changed to CORRECT
2024-12-13T17:57:24.572-03:00 DEBUG 7396 --- [gesusuarios] [           main] o.s.b.a.ApplicationAvailabilityBean      : Application availability state ReadinessState changed to ACCEPTING_TRAFFIC
2024-12-13T17:57:24.694-03:00 DEBUG 7396 --- [gesusuarios] [           main] org.springframework.test.context.cache   : Spring test ApplicationContext cache statistics: [DefaultContextCache@64aee729 size = 2, maxSize = 32, parentContextCount = 0, hitCount = 122, missCount = 2, failureCount = 0]
2024-12-13T17:57:24.694-03:00 DEBUG 7396 --- [gesusuarios] [           main] org.springframework.test.context.cache   : Spring test ApplicationContext cache statistics: [DefaultContextCache@64aee729 size = 2, maxSize = 32, parentContextCount = 0, hitCount = 123, missCount = 2, failureCount = 0]
2024-12-13T17:57:24.694-03:00 DEBUG 7396 --- [gesusuarios] [           main] org.springframework.test.context.cache   : Spring test ApplicationContext cache statistics: [DefaultContextCache@64aee729 size = 2, maxSize = 32, parentContextCount = 0, hitCount = 124, missCount = 2, failureCount = 0]
2024-12-13T17:57:24.694-03:00 DEBUG 7396 --- [gesusuarios] [           main] org.springframework.test.context.cache   : Spring test ApplicationContext cache statistics: [DefaultContextCache@64aee729 size = 2, maxSize = 32, parentContextCount = 0, hitCount = 125, missCount = 2, failureCount = 0]
2024-12-13T17:57:24.695-03:00 DEBUG 7396 --- [gesusuarios] [           main] org.springframework.test.context.cache   : Spring test ApplicationContext cache statistics: [DefaultContextCache@64aee729 size = 2, maxSize = 32, parentContextCount = 0, hitCount = 126, missCount = 2, failureCount = 0]
2024-12-13T17:57:24.696-03:00 DEBUG 7396 --- [gesusuarios] [           main] org.springframework.test.context.cache   : Spring test ApplicationContext cache statistics: [DefaultContextCache@64aee729 size = 2, maxSize = 32, parentContextCount = 0, hitCount = 127, missCount = 2, failureCount = 0]
2024-12-13T17:57:24.697-03:00 DEBUG 7396 --- [gesusuarios] [           main] org.springframework.test.context.cache   : Spring test ApplicationContext cache statistics: [DefaultContextCache@64aee729 size = 2, maxSize = 32, parentContextCount = 0, hitCount = 128, missCount = 2, failureCount = 0]
2024-12-13T17:57:24.697-03:00 DEBUG 7396 --- [gesusuarios] [           main] .c.s.DirtiesContextTestExecutionListener : After test method: class [GesusuariosApplicationTests], method [applicationStarts], class annotated with @DirtiesContext [false] with mode [null], method annotated with @DirtiesContext [false] with mode [null]
2024-12-13T17:57:24.697-03:00 DEBUG 7396 --- [gesusuarios] [           main] o.s.t.c.w.ServletTestExecutionListener   : Resetting RequestContextHolder for test class com.microusuarios.gesusuarios.GesusuariosApplicationTests
]]></system-out>
  </testcase>
  <testcase name="contextLoads" classname="com.microusuarios.gesusuarios.GesusuariosApplicationTests" time="0.007">
    <system-out><![CDATA[2024-12-13T17:57:24.698-03:00 DEBUG 7396 --- [gesusuarios] [           main] org.springframework.test.context.cache   : Spring test ApplicationContext cache statistics: [DefaultContextCache@64aee729 size = 2, maxSize = 32, parentContextCount = 0, hitCount = 129, missCount = 2, failureCount = 0]
2024-12-13T17:57:24.698-03:00 DEBUG 7396 --- [gesusuarios] [           main] o.s.t.c.w.ServletTestExecutionListener   : Setting up MockHttpServletRequest, MockHttpServletResponse, ServletWebRequest, and RequestContextHolder for test class com.microusuarios.gesusuarios.GesusuariosApplicationTests
2024-12-13T17:57:24.698-03:00 DEBUG 7396 --- [gesusuarios] [           main] DependencyInjectionTestExecutionListener : Performing dependency injection for test class com.microusuarios.gesusuarios.GesusuariosApplicationTests
2024-12-13T17:57:24.698-03:00 DEBUG 7396 --- [gesusuarios] [           main] org.springframework.test.context.cache   : Spring test ApplicationContext cache statistics: [DefaultContextCache@64aee729 size = 2, maxSize = 32, parentContextCount = 0, hitCount = 130, missCount = 2, failureCount = 0]
2024-12-13T17:57:24.699-03:00 DEBUG 7396 --- [gesusuarios] [           main] org.springframework.test.context.cache   : Spring test ApplicationContext cache statistics: [DefaultContextCache@64aee729 size = 2, maxSize = 32, parentContextCount = 0, hitCount = 131, missCount = 2, failureCount = 0]
2024-12-13T17:57:24.700-03:00 DEBUG 7396 --- [gesusuarios] [           main] sContextBeforeModesTestExecutionListener : Before test method: class [GesusuariosApplicationTests], method [contextLoads], class annotated with @DirtiesContext [false] with mode [null], method annotated with @DirtiesContext [false] with mode [null]
2024-12-13T17:57:24.700-03:00 DEBUG 7396 --- [gesusuarios] [           main] org.springframework.test.context.cache   : Spring test ApplicationContext cache statistics: [DefaultContextCache@64aee729 size = 2, maxSize = 32, parentContextCount = 0, hitCount = 132, missCount = 2, failureCount = 0]
2024-12-13T17:57:24.700-03:00 DEBUG 7396 --- [gesusuarios] [           main] org.springframework.test.context.cache   : Spring test ApplicationContext cache statistics: [DefaultContextCache@64aee729 size = 2, maxSize = 32, parentContextCount = 0, hitCount = 133, missCount = 2, failureCount = 0]
2024-12-13T17:57:24.702-03:00 DEBUG 7396 --- [gesusuarios] [           main] org.springframework.test.context.cache   : Spring test ApplicationContext cache statistics: [DefaultContextCache@64aee729 size = 2, maxSize = 32, parentContextCount = 0, hitCount = 134, missCount = 2, failureCount = 0]
2024-12-13T17:57:24.703-03:00 DEBUG 7396 --- [gesusuarios] [           main] org.springframework.test.context.cache   : Spring test ApplicationContext cache statistics: [DefaultContextCache@64aee729 size = 2, maxSize = 32, parentContextCount = 0, hitCount = 135, missCount = 2, failureCount = 0]
2024-12-13T17:57:24.703-03:00 DEBUG 7396 --- [gesusuarios] [           main] org.springframework.test.context.cache   : Spring test ApplicationContext cache statistics: [DefaultContextCache@64aee729 size = 2, maxSize = 32, parentContextCount = 0, hitCount = 136, missCount = 2, failureCount = 0]
2024-12-13T17:57:24.703-03:00 DEBUG 7396 --- [gesusuarios] [           main] org.springframework.test.context.cache   : Spring test ApplicationContext cache statistics: [DefaultContextCache@64aee729 size = 2, maxSize = 32, parentContextCount = 0, hitCount = 137, missCount = 2, failureCount = 0]
2024-12-13T17:57:24.703-03:00 DEBUG 7396 --- [gesusuarios] [           main] org.springframework.test.context.cache   : Spring test ApplicationContext cache statistics: [DefaultContextCache@64aee729 size = 2, maxSize = 32, parentContextCount = 0, hitCount = 138, missCount = 2, failureCount = 0]
2024-12-13T17:57:24.704-03:00 DEBUG 7396 --- [gesusuarios] [           main] org.springframework.test.context.cache   : Spring test ApplicationContext cache statistics: [DefaultContextCache@64aee729 size = 2, maxSize = 32, parentContextCount = 0, hitCount = 139, missCount = 2, failureCount = 0]
2024-12-13T17:57:24.705-03:00 DEBUG 7396 --- [gesusuarios] [           main] org.springframework.test.context.cache   : Spring test ApplicationContext cache statistics: [DefaultContextCache@64aee729 size = 2, maxSize = 32, parentContextCount = 0, hitCount = 140, missCount = 2, failureCount = 0]
2024-12-13T17:57:24.705-03:00 DEBUG 7396 --- [gesusuarios] [           main] org.springframework.test.context.cache   : Spring test ApplicationContext cache statistics: [DefaultContextCache@64aee729 size = 2, maxSize = 32, parentContextCount = 0, hitCount = 141, missCount = 2, failureCount = 0]
2024-12-13T17:57:24.705-03:00 DEBUG 7396 --- [gesusuarios] [           main] .c.s.DirtiesContextTestExecutionListener : After test method: class [GesusuariosApplicationTests], method [contextLoads], class annotated with @DirtiesContext [false] with mode [null], method annotated with @DirtiesContext [false] with mode [null]
2024-12-13T17:57:24.706-03:00 DEBUG 7396 --- [gesusuarios] [           main] o.s.t.c.w.ServletTestExecutionListener   : Resetting RequestContextHolder for test class com.microusuarios.gesusuarios.GesusuariosApplicationTests
]]></system-out>
  </testcase>
</testsuite>